1;39;;;Function "trailingstop" is not referenced and will be removed from exp-file
1;39;;;Function "trailingstopSingle" is not referenced and will be removed from exp-file
1;39;;;Function "CalculateOrdersTypeSymbol" is not referenced and will be removed from exp-file
1;39;;;Function "FileAppend" is not referenced and will be removed from exp-file
1;39;;;Function "iLookup" is not referenced and will be removed from exp-file
1;39;;;Function "render_avg_costing" is not referenced and will be removed from exp-file
1;39;;;Function "mathmurry" is not referenced and will be removed from exp-file
1;39;;;Function "change_stop_loss" is not referenced and will be removed from exp-file
1;39;;;Function "create_average_costing" is not referenced and will be removed from exp-file
1;39;;;Function "get_average_costing" is not referenced and will be removed from exp-file
1;39;;;Function "get_difference" is not referenced and will be removed from exp-file
1;39;;;Function "closingonprofit" is not referenced and will be removed from exp-file
1;39;;;Function "get_semaphore" is not referenced and will be removed from exp-file
1;39;;;Function "CheckForClose" is not referenced and will be removed from exp-file
1;39;;;Function "CheckForCloseALL" is not referenced and will be removed from exp-file
1;39;;;Function "CloseOrder" is not referenced and will be removed from exp-file
1;39;;;Function "get_trendsemaphore" is not referenced and will be removed from exp-file
1;39;;;Function "get_lasttrendsemaphore" is not referenced and will be removed from exp-file
1;39;;;Function "history" is not referenced and will be removed from exp-file
1;39;;;Function "getallinfo" is not referenced and will be removed from exp-file
1;39;;;Function "getallinfoSingle" is not referenced and will be removed from exp-file
1;39;;;Function "heiken" is not referenced and will be removed from exp-file
1;39;;;Function "heikenCurrent" is not referenced and will be removed from exp-file
1;39;;;Function "macd" is not referenced and will be removed from exp-file
1;39;;;Function "macdCurrent" is not referenced and will be removed from exp-file
1;39;;;Function "tenkan" is not referenced and will be removed from exp-file
1;39;;;Function "tenkanCurrent" is not referenced and will be removed from exp-file
1;39;;;Function "stoch" is not referenced and will be removed from exp-file
1;39;;;Function "stochCurrent" is not referenced and will be removed from exp-file
1;39;;;Function "sar" is not referenced and will be removed from exp-file
1;39;;;Function "checkforopen" is not referenced and will be removed from exp-file
1;39;;;Function "checkforopen2" is not referenced and will be removed from exp-file
1;39;;;Function "showResult" is not referenced and will be removed from exp-file
1;39;;;Function "create_label" is not referenced and will be removed from exp-file
1;39;;;Function "create_label_v2" is not referenced and will be removed from exp-file
1;39;;;Function "create_arrow" is not referenced and will be removed from exp-file
