2;75;C:\Program Files (x86)\OANDA - MetaTrader\experts\indicators\cuCompleteAnalysis.mq4;47:15;'start' - variable not defined
2;75;C:\Program Files (x86)\OANDA - MetaTrader\experts\indicators\cuCompleteAnalysis.mq4;47:21;'periodStart' - variable not defined
2;75;C:\Program Files (x86)\OANDA - MetaTrader\experts\indicators\cuCompleteAnalysis.mq4;47:34;'start' - variable not defined
2;75;C:\Program Files (x86)\OANDA - MetaTrader\experts\indicators\cuCompleteAnalysis.mq4;47:43;'periodEnd' - variable not defined
2;75;C:\Program Files (x86)\OANDA - MetaTrader\experts\indicators\cuCompleteAnalysis.mq4;47:54;'start' - variable not defined
2;75;C:\Program Files (x86)\OANDA - MetaTrader\experts\indicators\cuCompleteAnalysis.mq4;47:62;'start' - variable not defined
2;75;C:\Program Files (x86)\OANDA - MetaTrader\experts\indicators\cuCompleteAnalysis.mq4;48:13;'end' - variable not defined
2;75;C:\Program Files (x86)\OANDA - MetaTrader\experts\indicators\cuCompleteAnalysis.mq4;48:19;'start' - variable not defined
2;75;C:\Program Files (x86)\OANDA - MetaTrader\experts\indicators\cuCompleteAnalysis.mq4;49:13;'val' - variable not defined
2;75;C:\Program Files (x86)\OANDA - MetaTrader\experts\indicators\cuCompleteAnalysis.mq4;49:27;'symbol' - variable not defined
2;75;C:\Program Files (x86)\OANDA - MetaTrader\experts\indicators\cuCompleteAnalysis.mq4;49:35;'period' - variable not defined
2;75;C:\Program Files (x86)\OANDA - MetaTrader\experts\indicators\cuCompleteAnalysis.mq4;49:61;'strategy' - variable not defined
2;75;C:\Program Files (x86)\OANDA - MetaTrader\experts\indicators\cuCompleteAnalysis.mq4;49:71;'start' - variable not defined
2;75;C:\Program Files (x86)\OANDA - MetaTrader\experts\indicators\cuCompleteAnalysis.mq4;49:78;'end' - variable not defined
2;75;C:\Program Files (x86)\OANDA - MetaTrader\experts\indicators\cuCompleteAnalysis.mq4;50:17;'val' - variable not defined
2;75;C:\Program Files (x86)\OANDA - MetaTrader\experts\indicators\cuCompleteAnalysis.mq4;50:37;'val' - variable not defined
2;75;C:\Program Files (x86)\OANDA - MetaTrader\experts\indicators\cuCompleteAnalysis.mq4;51:13;'gtotal' - variable not defined
2;75;C:\Program Files (x86)\OANDA - MetaTrader\experts\indicators\cuCompleteAnalysis.mq4;51:22;'gtotal' - variable not defined
2;75;C:\Program Files (x86)\OANDA - MetaTrader\experts\indicators\cuCompleteAnalysis.mq4;51:31;'val' - variable not defined
2;75;C:\Program Files (x86)\OANDA - MetaTrader\experts\indicators\cuCompleteAnalysis.mq4;52:47;'symbol' - variable not defined
2;75;C:\Program Files (x86)\OANDA - MetaTrader\experts\indicators\cuCompleteAnalysis.mq4;52:93;'period' - variable not defined
2;75;C:\Program Files (x86)\OANDA - MetaTrader\experts\indicators\cuCompleteAnalysis.mq4;53:34;'strategy' - variable not defined
2;75;C:\Program Files (x86)\OANDA - MetaTrader\experts\indicators\cuCompleteAnalysis.mq4;54:42;'strategy' - variable not defined
2;75;C:\Program Files (x86)\OANDA - MetaTrader\experts\indicators\cuCompleteAnalysis.mq4;55:31;'start' - variable not defined
2;75;C:\Program Files (x86)\OANDA - MetaTrader\experts\indicators\cuCompleteAnalysis.mq4;55:50;'end' - variable not defined
2;75;C:\Program Files (x86)\OANDA - MetaTrader\experts\indicators\cuCompleteAnalysis.mq4;55:72;'val' - variable not defined
2;75;C:\Program Files (x86)\OANDA - MetaTrader\experts\indicators\cuCompleteAnalysis.mq4;57:14;'gtotal' - variable not defined
2;75;C:\Program Files (x86)\OANDA - MetaTrader\experts\indicators\cuCompleteAnalysis.mq4;57:23;'max' - variable not defined
2;75;C:\Program Files (x86)\OANDA - MetaTrader\experts\indicators\cuCompleteAnalysis.mq4;58:13;'max' - variable not defined
2;75;C:\Program Files (x86)\OANDA - MetaTrader\experts\indicators\cuCompleteAnalysis.mq4;58:19;'gtotal' - variable not defined
2;75;C:\Program Files (x86)\OANDA - MetaTrader\experts\indicators\cuCompleteAnalysis.mq4;59:13;'best' - variable not defined
2;75;C:\Program Files (x86)\OANDA - MetaTrader\experts\indicators\cuCompleteAnalysis.mq4;59:20;'strategy' - variable not defined
2;75;C:\Program Files (x86)\OANDA - MetaTrader\experts\indicators\cuCompleteAnalysis.mq4;60:13;'bestperiod' - variable not defined
2;75;C:\Program Files (x86)\OANDA - MetaTrader\experts\indicators\cuCompleteAnalysis.mq4;60:26;'period' - variable not defined
