2;75;C:\Program Files (x86)\OANDA - MetaTrader\experts\indicators\stocks.mq4;102:8;'tenkan_sen' - variable not defined
2;75;C:\Program Files (x86)\OANDA - MetaTrader\experts\indicators\stocks.mq4;102:21;'kijunsen' - variable not defined
2;75;C:\Program Files (x86)\OANDA - MetaTrader\experts\indicators\stocks.mq4;103:10;'chinkouspan' - variable not defined
2;75;C:\Program Files (x86)\OANDA - MetaTrader\experts\indicators\stocks.mq4;103:24;'senkouspana' - variable not defined
2;75;C:\Program Files (x86)\OANDA - MetaTrader\experts\indicators\stocks.mq4;104:10;'chinkouspan' - variable not defined
2;75;C:\Program Files (x86)\OANDA - MetaTrader\experts\indicators\stocks.mq4;104:24;'senkouspanb' - variable not defined
2;75;C:\Program Files (x86)\OANDA - MetaTrader\experts\indicators\stocks.mq4;105:10;'tenkan_sen' - variable not defined
2;75;C:\Program Files (x86)\OANDA - MetaTrader\experts\indicators\stocks.mq4;105:23;'senkouspana' - variable not defined
2;75;C:\Program Files (x86)\OANDA - MetaTrader\experts\indicators\stocks.mq4;106:10;'tenkan_sen' - variable not defined
2;75;C:\Program Files (x86)\OANDA - MetaTrader\experts\indicators\stocks.mq4;106:23;'senkouspanb' - variable not defined
2;75;C:\Program Files (x86)\OANDA - MetaTrader\experts\indicators\stocks.mq4;107:10;'tenkan_sen1' - variable not defined
2;75;C:\Program Files (x86)\OANDA - MetaTrader\experts\indicators\stocks.mq4;107:24;'kijunsen1' - variable not defined
2;75;C:\Program Files (x86)\OANDA - MetaTrader\experts\indicators\stocks.mq4;115:15;'tenkan_sen' - variable not defined
2;75;C:\Program Files (x86)\OANDA - MetaTrader\experts\indicators\stocks.mq4;115:28;'kijunsen' - variable not defined
2;75;C:\Program Files (x86)\OANDA - MetaTrader\experts\indicators\stocks.mq4;116:10;'chinkouspan' - variable not defined
2;75;C:\Program Files (x86)\OANDA - MetaTrader\experts\indicators\stocks.mq4;116:24;'senkouspana' - variable not defined
2;75;C:\Program Files (x86)\OANDA - MetaTrader\experts\indicators\stocks.mq4;117:10;'chinkouspan' - variable not defined
2;75;C:\Program Files (x86)\OANDA - MetaTrader\experts\indicators\stocks.mq4;117:24;'senkouspanb' - variable not defined
2;75;C:\Program Files (x86)\OANDA - MetaTrader\experts\indicators\stocks.mq4;118:10;'tenkan_sen' - variable not defined
2;75;C:\Program Files (x86)\OANDA - MetaTrader\experts\indicators\stocks.mq4;118:23;'senkouspana' - variable not defined
2;75;C:\Program Files (x86)\OANDA - MetaTrader\experts\indicators\stocks.mq4;119:10;'tenkan_sen' - variable not defined
2;75;C:\Program Files (x86)\OANDA - MetaTrader\experts\indicators\stocks.mq4;119:23;'senkouspanb' - variable not defined
2;75;C:\Program Files (x86)\OANDA - MetaTrader\experts\indicators\stocks.mq4;120:10;'tenkan_sen1' - variable not defined
2;75;C:\Program Files (x86)\OANDA - MetaTrader\experts\indicators\stocks.mq4;120:24;'kijunsen1' - variable not defined
