00:27:15 9Squared MM EURUSD,H4: loaded successfully
00:27:15 3_Level_ZZ_Semafor EURUSD,H4: loaded successfully
00:27:15 Heiken_Ashi_Smoothed EURUSD,H4: loaded successfully
00:27:15 ZigZag EURUSD,H4: loaded successfully
00:27:15 9Squared MM EURUSD,H4: initialized
00:27:15 3_Level_ZZ_Semafor EURUSD,H4: initialized
00:27:15 Heiken_Ashi_Smoothed EURUSD,H4: initialized
00:27:15 ZigZag EURUSD,H4: initialized
00:27:15 9Squared MM AUDUSD,M15: loaded successfully
00:27:15 3_Level_ZZ_Semafor AUDUSD,M15: loaded successfully
00:27:15 Heiken_Ashi_Smoothed AUDUSD,M15: loaded successfully
00:27:15 ZigZag AUDUSD,M15: loaded successfully
00:27:15 Auto Fibonacci Retracement AUDUSD,M15: loaded successfully
00:27:16 9Squared MM AUDUSD,M15: initialized
00:27:16 3_Level_ZZ_Semafor AUDUSD,M15: initialized
00:27:16 Heiken_Ashi_Smoothed AUDUSD,M15: initialized
00:27:16 ZigZag AUDUSD,M15: initialized
00:27:16 Auto Fibonacci Retracement AUDUSD,M15: initialized
00:27:16 3_Level_ZZ_Semafor NZDUSD,M1: loaded successfully
00:27:16 3_Level_ZZ_Semafor NZDUSD,M1: initialized
00:30:32 9Squared MM EURUSD,H4: deinitialized
00:30:32 9Squared MM EURUSD,H4: uninit reason 3
00:30:32 3_Level_ZZ_Semafor EURUSD,H4: deinitialized
00:30:32 3_Level_ZZ_Semafor EURUSD,H4: uninit reason 3
00:30:32 Heiken_Ashi_Smoothed EURUSD,H4: deinitialized
00:30:32 Heiken_Ashi_Smoothed EURUSD,H4: uninit reason 3
00:30:32 ZigZag EURUSD,H4: uninit reason 3
00:30:32 9Squared MM EURUSD,Daily: initialized
00:30:32 3_Level_ZZ_Semafor EURUSD,Daily: initialized
00:30:32 Heiken_Ashi_Smoothed EURUSD,Daily: initialized
00:30:32 ZigZag EURUSD,Daily: initialized
16:02:24 3_signal EURUSD,M15: loaded successfully
16:02:30 3_signal EURUSD,M15 inputs: InitialTrailingStop=150; TrailingStop=150; trailingstop=150; mintrailingstop=500; mintrailingstopavgcosting=500; gmtoffset=2; gotrendonlyimpcur=true; createneworders=true; magic=1234; max_orders=1; lots=0.05; UseAlerts=true; UseEmailAlerts=true; filesave=true; current_symbol=false; create_avg_orders=true; magic1=1231; magic2=1232; magic3=1233; magic4=1234; 
16:02:30 3_signal EURUSD,M15: initialized
16:02:36 Heiken_Ashi_Smoothed USDCHF,M1: loaded successfully
16:02:36 Heiken_Ashi_Smoothed USDCHF,M1: initialized
16:02:37 Heiken_Ashi_Smoothed USDCHF,M5: loaded successfully
16:02:37 Heiken_Ashi_Smoothed USDCHF,M5: initialized
16:02:37 Heiken_Ashi_Smoothed EURUSD,M1: loaded successfully
16:02:38 Heiken_Ashi_Smoothed EURUSD,M1: initialized
16:02:50 Heiken_Ashi_Smoothed EURUSD,M5: loaded successfully
16:02:51 Heiken_Ashi_Smoothed EURUSD,M5: initialized
16:02:53 Heiken_Ashi_Smoothed EURJPY,M1: loaded successfully
16:02:53 Heiken_Ashi_Smoothed EURJPY,M1: initialized
16:02:57 Heiken_Ashi_Smoothed EURJPY,M5: loaded successfully
16:02:57 Heiken_Ashi_Smoothed EURJPY,M5: initialized
16:05:32 3_signal EURUSD,M15: deinitialized
16:05:32 3_signal EURUSD,M15: uninit reason 2
16:05:32 Heiken_Ashi_Smoothed EURJPY,M5: deinitialized
16:05:32 Heiken_Ashi_Smoothed EURJPY,M5: uninit reason 1
16:05:32 Heiken_Ashi_Smoothed EURJPY,M5: removed
16:05:32 Heiken_Ashi_Smoothed EURJPY,M1: deinitialized
16:05:32 Heiken_Ashi_Smoothed EURJPY,M1: uninit reason 1
16:05:32 Heiken_Ashi_Smoothed EURJPY,M1: removed
16:05:32 Heiken_Ashi_Smoothed EURUSD,M5: deinitialized
16:05:32 Heiken_Ashi_Smoothed EURUSD,M5: uninit reason 1
16:05:32 Heiken_Ashi_Smoothed EURUSD,M5: removed
16:05:32 Heiken_Ashi_Smoothed EURUSD,M1: deinitialized
16:05:32 Heiken_Ashi_Smoothed EURUSD,M1: uninit reason 1
16:05:32 Heiken_Ashi_Smoothed EURUSD,M1: removed
16:05:32 Heiken_Ashi_Smoothed USDCHF,M5: deinitialized
16:05:32 Heiken_Ashi_Smoothed USDCHF,M5: uninit reason 1
16:05:32 Heiken_Ashi_Smoothed USDCHF,M5: removed
16:05:32 Heiken_Ashi_Smoothed USDCHF,M1: deinitialized
16:05:32 Heiken_Ashi_Smoothed USDCHF,M1: uninit reason 1
16:05:32 Heiken_Ashi_Smoothed USDCHF,M1: removed
16:05:32 3_signal EURUSD,M15: loaded successfully
16:05:32 3_signal EURUSD,M15: initialized
16:05:32 3_signal EURUSD,M15 inputs: InitialTrailingStop=150; TrailingStop=150; trailingstop=150; mintrailingstop=500; mintrailingstopavgcosting=500; gmtoffset=2; gotrendonlyimpcur=true; createneworders=true; magic=1234; max_orders=1; lots=0.05; UseAlerts=true; UseEmailAlerts=true; filesave=true; current_symbol=false; create_avg_orders=true; magic1=1231; magic2=1232; magic3=1233; magic4=1234; 
16:05:41 Heiken_Ashi_Smoothed USDCHF,M1: loaded successfully
16:05:41 Heiken_Ashi_Smoothed USDCHF,M1: initialized
16:05:41 Heiken_Ashi_Smoothed USDCHF,M5: loaded successfully
16:05:41 Heiken_Ashi_Smoothed USDCHF,M5: initialized
16:05:41 Heiken_Ashi_Smoothed USDCHF,M15: loaded successfully
16:05:41 Heiken_Ashi_Smoothed USDCHF,M15: initialized
16:05:41 Heiken_Ashi_Smoothed EURUSD,M1: loaded successfully
16:05:41 Heiken_Ashi_Smoothed EURUSD,M1: initialized
16:05:41 Heiken_Ashi_Smoothed EURUSD,M5: loaded successfully
16:05:41 Heiken_Ashi_Smoothed EURUSD,M5: initialized
16:05:41 Heiken_Ashi_Smoothed EURUSD,M15: loaded successfully
16:05:41 Heiken_Ashi_Smoothed EURUSD,M15: initialized
16:05:42 Heiken_Ashi_Smoothed EURJPY,M1: loaded successfully
16:05:42 Heiken_Ashi_Smoothed EURJPY,M1: initialized
16:05:43 Heiken_Ashi_Smoothed EURJPY,M5: loaded successfully
16:05:43 Heiken_Ashi_Smoothed EURJPY,M5: initialized
16:05:43 Heiken_Ashi_Smoothed EURJPY,M15: loaded successfully
16:05:44 Heiken_Ashi_Smoothed EURJPY,M15: initialized
16:06:18 3_signal EURUSD,M15: deinitialized
16:06:18 3_signal EURUSD,M15: uninit reason 5
16:06:18 Heiken_Ashi_Smoothed EURJPY,M15: deinitialized
16:06:18 Heiken_Ashi_Smoothed EURJPY,M15: uninit reason 1
16:06:18 Heiken_Ashi_Smoothed EURJPY,M15: removed
16:06:18 Heiken_Ashi_Smoothed EURJPY,M5: deinitialized
16:06:18 Heiken_Ashi_Smoothed EURJPY,M5: uninit reason 1
16:06:18 Heiken_Ashi_Smoothed EURJPY,M5: removed
16:06:18 Heiken_Ashi_Smoothed EURJPY,M1: deinitialized
16:06:18 Heiken_Ashi_Smoothed EURJPY,M1: uninit reason 1
16:06:18 Heiken_Ashi_Smoothed EURJPY,M1: removed
16:06:18 Heiken_Ashi_Smoothed EURUSD,M15: deinitialized
16:06:18 Heiken_Ashi_Smoothed EURUSD,M15: uninit reason 1
16:06:18 Heiken_Ashi_Smoothed EURUSD,M15: removed
16:06:18 Heiken_Ashi_Smoothed EURUSD,M5: deinitialized
16:06:18 Heiken_Ashi_Smoothed EURUSD,M5: uninit reason 1
16:06:18 Heiken_Ashi_Smoothed EURUSD,M5: removed
16:06:18 Heiken_Ashi_Smoothed EURUSD,M1: deinitialized
16:06:18 Heiken_Ashi_Smoothed EURUSD,M1: uninit reason 1
16:06:18 Heiken_Ashi_Smoothed EURUSD,M1: removed
16:06:18 Heiken_Ashi_Smoothed USDCHF,M15: deinitialized
16:06:18 Heiken_Ashi_Smoothed USDCHF,M15: uninit reason 1
16:06:18 Heiken_Ashi_Smoothed USDCHF,M15: removed
16:06:18 Heiken_Ashi_Smoothed USDCHF,M5: deinitialized
16:06:18 Heiken_Ashi_Smoothed USDCHF,M5: uninit reason 1
16:06:18 Heiken_Ashi_Smoothed USDCHF,M5: removed
16:06:18 Heiken_Ashi_Smoothed USDCHF,M1: deinitialized
16:06:18 Heiken_Ashi_Smoothed USDCHF,M1: uninit reason 1
16:06:18 Heiken_Ashi_Smoothed USDCHF,M1: removed
16:06:18 3_signal EURUSD,M15 inputs: InitialTrailingStop=150; TrailingStop=150; trailingstop=150; mintrailingstop=500; mintrailingstopavgcosting=500; gmtoffset=2; gotrendonlyimpcur=true; createneworders=true; magic=1234; max_orders=1; lots=0.05; UseAlerts=true; UseEmailAlerts=true; filesave=true; current_symbol=false; create_avg_orders=true; magic1=1231; magic2=1232; magic3=1233; magic4=1234; 
16:06:18 3_signal EURUSD,M15: initialized
16:06:26 Heiken_Ashi_Smoothed USDCHF,M1: loaded successfully
16:06:26 Heiken_Ashi_Smoothed USDCHF,M1: initialized
16:06:26 Heiken_Ashi_Smoothed USDCHF,M5: loaded successfully
16:06:26 Heiken_Ashi_Smoothed USDCHF,M5: initialized
16:06:26 Heiken_Ashi_Smoothed USDCHF,M15: loaded successfully
16:06:26 Heiken_Ashi_Smoothed USDCHF,M15: initialized
16:06:26 Heiken_Ashi_Smoothed EURUSD,M1: loaded successfully
16:06:26 Heiken_Ashi_Smoothed EURUSD,M1: initialized
16:06:26 Heiken_Ashi_Smoothed EURUSD,M5: loaded successfully
16:06:26 Heiken_Ashi_Smoothed EURUSD,M5: initialized
16:06:27 Heiken_Ashi_Smoothed EURUSD,M15: loaded successfully
16:06:27 Heiken_Ashi_Smoothed EURUSD,M15: initialized
16:06:27 Heiken_Ashi_Smoothed EURJPY,M1: loaded successfully
16:06:27 Heiken_Ashi_Smoothed EURJPY,M1: initialized
16:06:27 Heiken_Ashi_Smoothed EURJPY,M5: loaded successfully
16:06:27 Heiken_Ashi_Smoothed EURJPY,M5: initialized
16:06:27 Heiken_Ashi_Smoothed EURJPY,M15: loaded successfully
16:06:27 Heiken_Ashi_Smoothed EURJPY,M15: initialized
16:09:25 3_signal EURUSD,M15: deinitialized
16:09:25 3_signal EURUSD,M15: uninit reason 2
16:09:25 Heiken_Ashi_Smoothed EURJPY,M15: deinitialized
16:09:25 Heiken_Ashi_Smoothed EURJPY,M15: uninit reason 1
16:09:25 Heiken_Ashi_Smoothed EURJPY,M15: removed
16:09:25 Heiken_Ashi_Smoothed EURJPY,M5: deinitialized
16:09:25 Heiken_Ashi_Smoothed EURJPY,M5: uninit reason 1
16:09:25 Heiken_Ashi_Smoothed EURJPY,M5: removed
16:09:25 Heiken_Ashi_Smoothed EURJPY,M1: deinitialized
16:09:25 Heiken_Ashi_Smoothed EURJPY,M1: uninit reason 1
16:09:25 Heiken_Ashi_Smoothed EURJPY,M1: removed
16:09:25 Heiken_Ashi_Smoothed EURUSD,M15: deinitialized
16:09:25 Heiken_Ashi_Smoothed EURUSD,M15: uninit reason 1
16:09:25 Heiken_Ashi_Smoothed EURUSD,M15: removed
16:09:25 Heiken_Ashi_Smoothed EURUSD,M5: deinitialized
16:09:25 Heiken_Ashi_Smoothed EURUSD,M5: uninit reason 1
16:09:25 Heiken_Ashi_Smoothed EURUSD,M5: removed
16:09:25 Heiken_Ashi_Smoothed EURUSD,M1: deinitialized
16:09:25 Heiken_Ashi_Smoothed EURUSD,M1: uninit reason 1
16:09:25 Heiken_Ashi_Smoothed EURUSD,M1: removed
16:09:25 Heiken_Ashi_Smoothed USDCHF,M15: deinitialized
16:09:25 Heiken_Ashi_Smoothed USDCHF,M15: uninit reason 1
16:09:25 Heiken_Ashi_Smoothed USDCHF,M15: removed
16:09:25 Heiken_Ashi_Smoothed USDCHF,M5: deinitialized
16:09:25 Heiken_Ashi_Smoothed USDCHF,M5: uninit reason 1
16:09:25 Heiken_Ashi_Smoothed USDCHF,M5: removed
16:09:25 Heiken_Ashi_Smoothed USDCHF,M1: deinitialized
16:09:25 Heiken_Ashi_Smoothed USDCHF,M1: uninit reason 1
16:09:25 Heiken_Ashi_Smoothed USDCHF,M1: removed
16:09:25 3_signal EURUSD,M15: loaded successfully
16:09:25 3_signal EURUSD,M15: initialized
16:09:25 3_signal EURUSD,M15 inputs: InitialTrailingStop=150; TrailingStop=150; trailingstop=150; mintrailingstop=500; mintrailingstopavgcosting=500; gmtoffset=3; gotrendonlyimpcur=true; createneworders=true; magic=1234; max_orders=1; lots=0.05; UseAlerts=true; UseEmailAlerts=true; filesave=true; current_symbol=false; create_avg_orders=true; magic1=1231; magic2=1232; magic3=1233; magic4=1234; 
16:09:39 Heiken_Ashi_Smoothed USDCHF,M1: loaded successfully
16:09:39 Heiken_Ashi_Smoothed USDCHF,M1: initialized
16:09:39 Heiken_Ashi_Smoothed USDCHF,M5: loaded successfully
16:09:39 Heiken_Ashi_Smoothed USDCHF,M5: initialized
16:09:40 Heiken_Ashi_Smoothed USDCHF,M15: loaded successfully
16:09:40 Heiken_Ashi_Smoothed USDCHF,M15: initialized
16:09:40 Heiken_Ashi_Smoothed EURUSD,M1: loaded successfully
16:09:40 Heiken_Ashi_Smoothed EURUSD,M1: initialized
16:09:56 Heiken_Ashi_Smoothed EURUSD,M5: loaded successfully
16:09:56 Heiken_Ashi_Smoothed EURUSD,M5: initialized
16:09:56 Heiken_Ashi_Smoothed EURUSD,M15: loaded successfully
16:09:56 Heiken_Ashi_Smoothed EURUSD,M15: initialized
16:09:56 Heiken_Ashi_Smoothed EURJPY,M1: loaded successfully
16:09:56 Heiken_Ashi_Smoothed EURJPY,M1: initialized
16:09:56 Heiken_Ashi_Smoothed EURJPY,M5: loaded successfully
16:09:56 Heiken_Ashi_Smoothed EURJPY,M5: initialized
16:09:57 Heiken_Ashi_Smoothed EURJPY,M15: loaded successfully
16:09:57 Heiken_Ashi_Smoothed EURJPY,M15: initialized
16:10:45 3_signal EURUSD,M15: deinitialized
16:10:45 3_signal EURUSD,M15: uninit reason 3
16:10:45 Heiken_Ashi_Smoothed EURJPY,M15: deinitialized
16:10:45 Heiken_Ashi_Smoothed EURJPY,M15: uninit reason 1
16:10:45 Heiken_Ashi_Smoothed EURJPY,M15: removed
16:10:45 Heiken_Ashi_Smoothed EURJPY,M5: deinitialized
16:10:45 Heiken_Ashi_Smoothed EURJPY,M5: uninit reason 1
16:10:45 Heiken_Ashi_Smoothed EURJPY,M5: removed
16:10:45 Heiken_Ashi_Smoothed EURJPY,M1: deinitialized
16:10:45 Heiken_Ashi_Smoothed EURJPY,M1: uninit reason 1
16:10:45 Heiken_Ashi_Smoothed EURJPY,M1: removed
16:10:45 Heiken_Ashi_Smoothed EURUSD,M15: deinitialized
16:10:45 Heiken_Ashi_Smoothed EURUSD,M15: uninit reason 1
16:10:45 Heiken_Ashi_Smoothed EURUSD,M15: removed
16:10:45 Heiken_Ashi_Smoothed EURUSD,M5: deinitialized
16:10:45 Heiken_Ashi_Smoothed EURUSD,M5: uninit reason 1
16:10:45 Heiken_Ashi_Smoothed EURUSD,M5: removed
16:10:45 Heiken_Ashi_Smoothed EURUSD,M1: deinitialized
16:10:45 Heiken_Ashi_Smoothed EURUSD,M1: uninit reason 1
16:10:45 Heiken_Ashi_Smoothed EURUSD,M1: removed
16:10:45 Heiken_Ashi_Smoothed USDCHF,M15: deinitialized
16:10:45 Heiken_Ashi_Smoothed USDCHF,M15: uninit reason 1
16:10:45 Heiken_Ashi_Smoothed USDCHF,M15: removed
16:10:45 Heiken_Ashi_Smoothed USDCHF,M5: deinitialized
16:10:45 Heiken_Ashi_Smoothed USDCHF,M5: uninit reason 1
16:10:45 Heiken_Ashi_Smoothed USDCHF,M5: removed
16:10:45 Heiken_Ashi_Smoothed USDCHF,M1: deinitialized
16:10:45 Heiken_Ashi_Smoothed USDCHF,M1: uninit reason 1
16:10:45 Heiken_Ashi_Smoothed USDCHF,M1: removed
16:10:46 3_signal EURUSD,M30: initialized
16:10:46 3_signal EURUSD,M30: deinitialized
16:10:46 3_signal EURUSD,M30: uninit reason 3
16:10:46 3_signal EURUSD,M15: initialized
16:10:48 Heiken_Ashi_Smoothed USDCHF,M1: loaded successfully
16:10:48 Heiken_Ashi_Smoothed USDCHF,M1: initialized
16:10:48 Heiken_Ashi_Smoothed USDCHF,M5: loaded successfully
16:10:48 Heiken_Ashi_Smoothed USDCHF,M5: initialized
16:10:48 Heiken_Ashi_Smoothed USDCHF,M15: loaded successfully
16:10:48 Heiken_Ashi_Smoothed USDCHF,M15: initialized
16:10:48 Heiken_Ashi_Smoothed EURUSD,M1: loaded successfully
16:10:48 Heiken_Ashi_Smoothed EURUSD,M1: initialized
16:10:48 Heiken_Ashi_Smoothed EURUSD,M5: loaded successfully
16:10:48 Heiken_Ashi_Smoothed EURUSD,M5: initialized
16:10:48 Heiken_Ashi_Smoothed EURUSD,M15: loaded successfully
16:10:48 Heiken_Ashi_Smoothed EURUSD,M15: initialized
16:10:48 Heiken_Ashi_Smoothed EURJPY,M1: loaded successfully
16:10:48 Heiken_Ashi_Smoothed EURJPY,M1: initialized
16:10:49 Heiken_Ashi_Smoothed EURJPY,M5: loaded successfully
16:10:49 Heiken_Ashi_Smoothed EURJPY,M5: initialized
16:10:49 Heiken_Ashi_Smoothed EURJPY,M15: loaded successfully
16:10:49 Heiken_Ashi_Smoothed EURJPY,M15: initialized
16:58:55 3_signal EURUSD,M15: open #652217 buy 0.05 EURJPY at 109.423 ok
16:58:55 3_signal EURUSD,M15: modify #652217 buy 0.05 EURJPY at 109.423 sl: 109.223 tp: 0.000 ok
16:58:55 3_signal EURUSD,M15: Alert: Bullish on EURJPY @ M15
19:02:52 3_signal EURUSD,M15: open #652473 buy 0.05 EURJPY at 109.738 ok
19:02:53 3_signal EURUSD,M15: modify #652473 buy 0.05 EURJPY at 109.738 sl: 109.538 tp: 0.000 ok
19:02:53 3_signal EURUSD,M15: Alert: Bullish on EURJPY @ M15
21:52:03 3_signal EURUSD,M15: open #652631 buy 0.05 EURJPY at 109.941 ok
21:52:03 3_signal EURUSD,M15: modify #652631 buy 0.05 EURJPY at 109.941 sl: 109.741 tp: 0.000 ok
21:52:04 3_signal EURUSD,M15: Alert: Bullish on EURJPY @ M15
