2;75;C:\Program Files (x86)\FXCM MetaTrader 4\experts\include\m_strategy_ema.mqh;88:14;'number' - variable not defined
2;75;C:\Program Files (x86)\FXCM MetaTrader 4\experts\include\m_strategy_ema.mqh;89:19;'number' - variable not defined
2;75;C:\Program Files (x86)\FXCM MetaTrader 4\experts\include\m_strategy_ema.mqh;121:4;'infobox' - variable not defined
2;75;C:\Program Files (x86)\FXCM MetaTrader 4\experts\include\m_strategy_ema.mqh;121:32;'infobox' - variable not defined
2;75;C:\Program Files (x86)\FXCM MetaTrader 4\experts\include\m_strategy_ema.mqh;135:8;'trend_all' - variable not defined
2;75;C:\Program Files (x86)\FXCM MetaTrader 4\experts\include\m_strategy_ema.mqh;141:11;'current_1' - variable not defined
2;75;C:\Program Files (x86)\FXCM MetaTrader 4\experts\include\m_strategy_ema.mqh;141:23;'past_1' - variable not defined
2;75;C:\Program Files (x86)\FXCM MetaTrader 4\experts\include\m_strategy_ema.mqh;141:34;'current_1' - variable not defined
2;75;C:\Program Files (x86)\FXCM MetaTrader 4\experts\include\m_strategy_ema.mqh;141:46;'current_25' - variable not defined
2;75;C:\Program Files (x86)\FXCM MetaTrader 4\experts\include\m_strategy_ema.mqh;141:60;'current_1' - variable not defined
2;75;C:\Program Files (x86)\FXCM MetaTrader 4\experts\include\m_strategy_ema.mqh;141:72;'current_50' - variable not defined
2;75;C:\Program Files (x86)\FXCM MetaTrader 4\experts\include\m_strategy_ema.mqh;141:86;'current_1' - variable not defined
2;75;C:\Program Files (x86)\FXCM MetaTrader 4\experts\include\m_strategy_ema.mqh;141:98;'current_100' - variable not defined
2;75;C:\Program Files (x86)\FXCM MetaTrader 4\experts\include\m_strategy_ema.mqh;142:14;'past_1' - variable not defined
2;75;C:\Program Files (x86)\FXCM MetaTrader 4\experts\include\m_strategy_ema.mqh;142:23;'past_25' - variable not defined
2;75;C:\Program Files (x86)\FXCM MetaTrader 4\experts\include\m_strategy_ema.mqh;142:34;'past_1' - variable not defined
2;75;C:\Program Files (x86)\FXCM MetaTrader 4\experts\include\m_strategy_ema.mqh;142:43;'past_50' - variable not defined
2;75;C:\Program Files (x86)\FXCM MetaTrader 4\experts\include\m_strategy_ema.mqh;142:54;'past_1' - variable not defined
2;75;C:\Program Files (x86)\FXCM MetaTrader 4\experts\include\m_strategy_ema.mqh;142:63;'past_100' - variable not defined
2;75;C:\Program Files (x86)\FXCM MetaTrader 4\experts\include\m_strategy_ema.mqh;143:10;'custom_order_message' - variable not defined
2;75;C:\Program Files (x86)\FXCM MetaTrader 4\experts\include\m_strategy_ema.mqh;144:10;'inference' - variable not defined
2;75;C:\Program Files (x86)\FXCM MetaTrader 4\experts\include\m_strategy_ema.mqh;144:40;'inference' - variable not defined
2;75;C:\Program Files (x86)\FXCM MetaTrader 4\experts\include\m_strategy_ema.mqh;145:14;'show_alerts' - variable not defined
2;75;C:\Program Files (x86)\FXCM MetaTrader 4\experts\include\m_strategy_ema.mqh;146:10;'infobox' - variable not defined
2;75;C:\Program Files (x86)\FXCM MetaTrader 4\experts\include\m_strategy_ema.mqh;146:38;'infobox' - variable not defined
2;75;C:\Program Files (x86)\FXCM MetaTrader 4\experts\include\m_strategy_ema.mqh;149:10;'custom_order_message' - variable not defined
2;75;C:\Program Files (x86)\FXCM MetaTrader 4\experts\include\m_strategy_ema.mqh;150:10;'inference' - variable not defined
2;75;C:\Program Files (x86)\FXCM MetaTrader 4\experts\include\m_strategy_ema.mqh;150:40;'inference' - variable not defined
2;75;C:\Program Files (x86)\FXCM MetaTrader 4\experts\include\m_strategy_ema.mqh;151:14;'show_alerts' - variable not defined
2;75;C:\Program Files (x86)\FXCM MetaTrader 4\experts\include\m_strategy_ema.mqh;152:10;'infobox' - variable not defined
2;75;C:\Program Files (x86)\FXCM MetaTrader 4\experts\include\m_strategy_ema.mqh;152:38;'infobox' - variable not defined
2;75;C:\Program Files (x86)\FXCM MetaTrader 4\experts\include\m_strategy_ema.mqh;158:11;'current_1' - variable not defined
2;75;C:\Program Files (x86)\FXCM MetaTrader 4\experts\include\m_strategy_ema.mqh;158:23;'past_1' - variable not defined
2;75;C:\Program Files (x86)\FXCM MetaTrader 4\experts\include\m_strategy_ema.mqh;158:34;'current_1' - variable not defined
2;75;C:\Program Files (x86)\FXCM MetaTrader 4\experts\include\m_strategy_ema.mqh;158:46;'current_25' - variable not defined
2;75;C:\Program Files (x86)\FXCM MetaTrader 4\experts\include\m_strategy_ema.mqh;158:60;'current_1' - variable not defined
2;75;C:\Program Files (x86)\FXCM MetaTrader 4\experts\include\m_strategy_ema.mqh;158:72;'current_50' - variable not defined
2;75;C:\Program Files (x86)\FXCM MetaTrader 4\experts\include\m_strategy_ema.mqh;158:86;'current_1' - variable not defined
2;75;C:\Program Files (x86)\FXCM MetaTrader 4\experts\include\m_strategy_ema.mqh;158:98;'current_100' - variable not defined
2;75;C:\Program Files (x86)\FXCM MetaTrader 4\experts\include\m_strategy_ema.mqh;159:14;'past_1' - variable not defined
2;75;C:\Program Files (x86)\FXCM MetaTrader 4\experts\include\m_strategy_ema.mqh;159:23;'past_25' - variable not defined
2;75;C:\Program Files (x86)\FXCM MetaTrader 4\experts\include\m_strategy_ema.mqh;159:34;'past_1' - variable not defined
2;75;C:\Program Files (x86)\FXCM MetaTrader 4\experts\include\m_strategy_ema.mqh;159:43;'past_50' - variable not defined
2;75;C:\Program Files (x86)\FXCM MetaTrader 4\experts\include\m_strategy_ema.mqh;159:54;'past_1' - variable not defined
2;75;C:\Program Files (x86)\FXCM MetaTrader 4\experts\include\m_strategy_ema.mqh;159:63;'past_100' - variable not defined
2;75;C:\Program Files (x86)\FXCM MetaTrader 4\experts\include\m_strategy_ema.mqh;160:10;'custom_order_message' - variable not defined
2;75;C:\Program Files (x86)\FXCM MetaTrader 4\experts\include\m_strategy_ema.mqh;161:10;'infobox' - variable not defined
2;75;C:\Program Files (x86)\FXCM MetaTrader 4\experts\include\m_strategy_ema.mqh;161:38;'infobox' - variable not defined
2;75;C:\Program Files (x86)\FXCM MetaTrader 4\experts\include\m_strategy_ema.mqh;162:10;'inference' - variable not defined
2;75;C:\Program Files (x86)\FXCM MetaTrader 4\experts\include\m_strategy_ema.mqh;162:40;'inference' - variable not defined
2;75;C:\Program Files (x86)\FXCM MetaTrader 4\experts\include\m_strategy_ema.mqh;163:14;'show_alerts' - variable not defined
2;75;C:\Program Files (x86)\FXCM MetaTrader 4\experts\include\m_strategy_ema.mqh;166:10;'custom_order_message' - variable not defined
2;75;C:\Program Files (x86)\FXCM MetaTrader 4\experts\include\m_strategy_ema.mqh;167:10;'infobox' - variable not defined
2;75;C:\Program Files (x86)\FXCM MetaTrader 4\experts\include\m_strategy_ema.mqh;167:38;'infobox' - variable not defined
2;75;C:\Program Files (x86)\FXCM MetaTrader 4\experts\include\m_strategy_ema.mqh;168:10;'inference' - variable not defined
2;75;C:\Program Files (x86)\FXCM MetaTrader 4\experts\include\m_strategy_ema.mqh;168:40;'inference' - variable not defined
2;75;C:\Program Files (x86)\FXCM MetaTrader 4\experts\include\m_strategy_ema.mqh;169:14;'show_alerts' - variable not defined
2;75;C:\Program Files (x86)\FXCM MetaTrader 4\experts\include\m_strategy_ema.mqh;186:14;'number' - variable not defined
2;75;C:\Program Files (x86)\FXCM MetaTrader 4\experts\include\m_strategy_ema.mqh;187:19;'number' - variable not defined
2;75;C:\Program Files (x86)\FXCM MetaTrader 4\experts\include\m_strategy_ema.mqh;196:11;'current_1' - variable not defined
2;75;C:\Program Files (x86)\FXCM MetaTrader 4\experts\include\m_strategy_ema.mqh;196:23;'current_25' - variable not defined
2;75;C:\Program Files (x86)\FXCM MetaTrader 4\experts\include\m_strategy_ema.mqh;196:37;'current_1' - variable not defined
2;75;C:\Program Files (x86)\FXCM MetaTrader 4\experts\include\m_strategy_ema.mqh;196:49;'current_50' - variable not defined
2;75;C:\Program Files (x86)\FXCM MetaTrader 4\experts\include\m_strategy_ema.mqh;196:63;'current_1' - variable not defined
2;75;C:\Program Files (x86)\FXCM MetaTrader 4\experts\include\m_strategy_ema.mqh;196:75;'current_100' - variable not defined
2;75;C:\Program Files (x86)\FXCM MetaTrader 4\experts\include\m_strategy_ema.mqh;201:11;'current_1' - variable not defined
2;75;C:\Program Files (x86)\FXCM MetaTrader 4\experts\include\m_strategy_ema.mqh;201:23;'current_25' - variable not defined
2;75;C:\Program Files (x86)\FXCM MetaTrader 4\experts\include\m_strategy_ema.mqh;201:37;'current_1' - variable not defined
2;75;C:\Program Files (x86)\FXCM MetaTrader 4\experts\include\m_strategy_ema.mqh;201:49;'current_50' - variable not defined
2;75;C:\Program Files (x86)\FXCM MetaTrader 4\experts\include\m_strategy_ema.mqh;201:63;'current_1' - variable not defined
2;75;C:\Program Files (x86)\FXCM MetaTrader 4\experts\include\m_strategy_ema.mqh;201:75;'current_100' - variable not defined
2;75;C:\Program Files (x86)\FXCM MetaTrader 4\experts\include\m_strategy_ema.mqh;212:4;'current_1' - variable not defined
2;75;C:\Program Files (x86)\FXCM MetaTrader 4\experts\include\m_strategy_ema.mqh;213:4;'current_25' - variable not defined
2;75;C:\Program Files (x86)\FXCM MetaTrader 4\experts\include\m_strategy_ema.mqh;214:4;'current_50' - variable not defined
2;75;C:\Program Files (x86)\FXCM MetaTrader 4\experts\include\m_strategy_ema.mqh;215:4;'current_100' - variable not defined
2;75;C:\Program Files (x86)\FXCM MetaTrader 4\experts\include\m_strategy_ema.mqh;221:4;'past_1' - variable not defined
2;75;C:\Program Files (x86)\FXCM MetaTrader 4\experts\include\m_strategy_ema.mqh;222:4;'past_25' - variable not defined
2;75;C:\Program Files (x86)\FXCM MetaTrader 4\experts\include\m_strategy_ema.mqh;223:4;'past_50' - variable not defined
2;75;C:\Program Files (x86)\FXCM MetaTrader 4\experts\include\m_strategy_ema.mqh;224:4;'past_100' - variable not defined
