1;39;;;Function "trailingstop" is not referenced and will be removed from exp-file
1;39;;;Function "trailingstopSingle" is not referenced and will be removed from exp-file
1;39;;;Function "CalculateOrdersTypeSymbol" is not referenced and will be removed from exp-file
1;39;;;Function "FileAppend" is not referenced and will be removed from exp-file
1;39;;;Function "mathmurry" is not referenced and will be removed from exp-file
1;39;;;Function "get_semaphore" is not referenced and will be removed from exp-file
1;39;;;Function "CheckForClose" is not referenced and will be removed from exp-file
1;39;;;Function "CloseOrder" is not referenced and will be removed from exp-file
1;39;;;Function "get_trendsemaphore" is not referenced and will be removed from exp-file
1;39;;;Function "get_lasttrendsemaphore" is not referenced and will be removed from exp-file
1;39;;;Function "history" is not referenced and will be removed from exp-file
1;39;;;Function "getallinfoSingle" is not referenced and will be removed from exp-file
1;39;;;Function "heiken" is not referenced and will be removed from exp-file
1;39;;;Function "heikenCurrent" is not referenced and will be removed from exp-file
1;39;;;Function "macd" is not referenced and will be removed from exp-file
1;39;;;Function "macdCurrent" is not referenced and will be removed from exp-file
1;39;;;Function "macdRCurrent" is not referenced and will be removed from exp-file
1;39;;;Function "tenkan" is not referenced and will be removed from exp-file
1;39;;;Function "tenkanCurrent" is not referenced and will be removed from exp-file
1;39;;;Function "stoch" is not referenced and will be removed from exp-file
1;39;;;Function "stochCurrent" is not referenced and will be removed from exp-file
1;39;;;Function "sar" is not referenced and will be removed from exp-file
