1;39;;;Function "trailingstop" is not referenced and will be removed from exp-file
1;39;;;Function "followstoploss" is not referenced and will be removed from exp-file
1;39;;;Function "trailingstopSingle" is not referenced and will be removed from exp-file
1;39;;;Function "createorder" is not referenced and will be removed from exp-file
1;39;;;Function "CalculateCurrentOrders" is not referenced and will be removed from exp-file
1;39;;;Function "CalculateOrdersTypeSymbol" is not referenced and will be removed from exp-file
1;39;;;Function "CalculateMaxOrders" is not referenced and will be removed from exp-file
1;39;;;Function "FileAppend" is not referenced and will be removed from exp-file
1;39;;;Function "iLookup" is not referenced and will be removed from exp-file
1;39;;;Function "render_avg_costing" is not referenced and will be removed from exp-file
1;39;;;Function "mathmurry" is not referenced and will be removed from exp-file
1;39;;;Function "change_stop_loss" is not referenced and will be removed from exp-file
1;39;;;Function "create_average_costing" is not referenced and will be removed from exp-file
1;39;;;Function "get_average_costing" is not referenced and will be removed from exp-file
1;39;;;Function "get_difference" is not referenced and will be removed from exp-file
1;39;;;Function "TimeframeToString" is not referenced and will be removed from exp-file
1;39;;;Function "SendAlert" is not referenced and will be removed from exp-file
1;39;;;Function "closingonprofit" is not referenced and will be removed from exp-file
1;39;;;Function "get_semaphore" is not referenced and will be removed from exp-file
1;39;;;Function "CheckForClose" is not referenced and will be removed from exp-file
1;39;;;Function "CheckForCloseALL" is not referenced and will be removed from exp-file
1;39;;;Function "CloseOrder" is not referenced and will be removed from exp-file
1;39;;;Function "get_trendsemaphore" is not referenced and will be removed from exp-file
1;39;;;Function "get_lasttrendsemaphore" is not referenced and will be removed from exp-file
1;39;;;Function "semaphoreShift" is not referenced and will be removed from exp-file
1;39;;;Function "history" is not referenced and will be removed from exp-file
1;39;;;Function "getallinfo" is not referenced and will be removed from exp-file
1;39;;;Function "getoneinfo" is not referenced and will be removed from exp-file
1;39;;;Function "openPositionTotal" is not referenced and will be removed from exp-file
1;39;;;Function "history2" is not referenced and will be removed from exp-file
1;39;;;Function "getallinfoSingle" is not referenced and will be removed from exp-file
1;39;;;Function "CheckForCloseWithoutProfit" is not referenced and will be removed from exp-file
1;39;;;Function "heiken" is not referenced and will be removed from exp-file
1;39;;;Function "heikenCurrent" is not referenced and will be removed from exp-file
1;39;;;Function "heikenshift" is not referenced and will be removed from exp-file
1;39;;;Function "heikenCurrentshift" is not referenced and will be removed from exp-file
1;39;;;Function "macd" is not referenced and will be removed from exp-file
1;39;;;Function "macdCurrent" is not referenced and will be removed from exp-file
1;39;;;Function "macdR" is not referenced and will be removed from exp-file
1;39;;;Function "macdRCurrent" is not referenced and will be removed from exp-file
1;39;;;Function "macdRshift" is not referenced and will be removed from exp-file
1;39;;;Function "macdRCurrentshift" is not referenced and will be removed from exp-file
1;39;;;Function "macdRCurrentZero" is not referenced and will be removed from exp-file
1;39;;;Function "macdDiffernce" is not referenced and will be removed from exp-file
1;39;;;Function "macdCount" is not referenced and will be removed from exp-file
1;39;;;Function "tenkan" is not referenced and will be removed from exp-file
1;39;;;Function "tenkanCurrent" is not referenced and will be removed from exp-file
1;39;;;Function "stoch" is not referenced and will be removed from exp-file
1;39;;;Function "stochCurrent" is not referenced and will be removed from exp-file
1;39;;;Function "sar" is not referenced and will be removed from exp-file
1;39;;;Function "lotcalc" is not referenced and will be removed from exp-file
1;39;;;Function "bbreversal" is not referenced and will be removed from exp-file
1;39;;;Function "macd_divergence" is not referenced and will be removed from exp-file
1;39;;;Function "get_per_unit_cost" is not referenced and will be removed from exp-file
1;39;;;Function "pivot_point_fib" is not referenced and will be removed from exp-file
1;39;;;Function "get_ppf" is not referenced and will be removed from exp-file
1;39;;;Function "checkforclose" is not referenced and will be removed from exp-file
1;39;;;Function "create_label" is not referenced and will be removed from exp-file
1;39;;;Function "create_arrow" is not referenced and will be removed from exp-file
1;39;;;Function "getShift" is not referenced and will be removed from exp-file
1;39;;;Function "getPoints" is not referenced and will be removed from exp-file
1;39;;;Function "fisher" is not referenced and will be removed from exp-file
1;39;;;Function "fisherDiff" is not referenced and will be removed from exp-file
1;39;;;Function "fisherCurrent" is not referenced and will be removed from exp-file
1;39;;;Function "bbtrend" is not referenced and will be removed from exp-file
1;39;;;Function "maxindicator" is not referenced and will be removed from exp-file
1;39;;;Function "highlowstrategy" is not referenced and will be removed from exp-file
1;39;;;Function "stochstrategy1entry" is not referenced and will be removed from exp-file
1;39;;;Function "historyall" is not referenced and will be removed from exp-file
1;39;;;Function "historyProfitCnt" is not referenced and will be removed from exp-file
1;39;;;Function "historyProfit" is not referenced and will be removed from exp-file
1;39;;;Function "buysellstrategy" is not referenced and will be removed from exp-file
