2;75;C:\Program Files (x86)\FXCM MetaTrader 4\experts\include\m_common.mqh;42:8;'current_currency_pair' - variable not defined
2;75;C:\Program Files (x86)\FXCM MetaTrader 4\experts\include\m_common.mqh;46:8;'USDCHF' - variable not defined
2;75;C:\Program Files (x86)\FXCM MetaTrader 4\experts\include\m_common.mqh;47:11;'custom_lots' - variable not defined
2;75;C:\Program Files (x86)\FXCM MetaTrader 4\experts\include\m_common.mqh;47:24;'lots' - variable not defined
2;75;C:\Program Files (x86)\FXCM MetaTrader 4\experts\include\m_common.mqh;47:31;'lots_USDCHF' - variable not defined
2;75;C:\Program Files (x86)\FXCM MetaTrader 4\experts\include\m_common.mqh;48:7;'currency_USDCHF' - variable not defined
2;75;C:\Program Files (x86)\FXCM MetaTrader 4\experts\include\m_common.mqh;51:8;'GBPUSD' - variable not defined
2;75;C:\Program Files (x86)\FXCM MetaTrader 4\experts\include\m_common.mqh;52:14;'custom_lots' - variable not defined
2;75;C:\Program Files (x86)\FXCM MetaTrader 4\experts\include\m_common.mqh;52:27;'lots' - variable not defined
2;75;C:\Program Files (x86)\FXCM MetaTrader 4\experts\include\m_common.mqh;52:34;'lots_GBPUSD' - variable not defined
2;75;C:\Program Files (x86)\FXCM MetaTrader 4\experts\include\m_common.mqh;53:7;'currency_GBPUSD' - variable not defined
2;75;C:\Program Files (x86)\FXCM MetaTrader 4\experts\include\m_common.mqh;56:8;'EURUSD' - variable not defined
2;75;C:\Program Files (x86)\FXCM MetaTrader 4\experts\include\m_common.mqh;57:14;'custom_lots' - variable not defined
2;75;C:\Program Files (x86)\FXCM MetaTrader 4\experts\include\m_common.mqh;57:27;'lots' - variable not defined
2;75;C:\Program Files (x86)\FXCM MetaTrader 4\experts\include\m_common.mqh;57:34;'lots_EURUSD' - variable not defined
2;75;C:\Program Files (x86)\FXCM MetaTrader 4\experts\include\m_common.mqh;58:7;'currency_EURUSD' - variable not defined
2;75;C:\Program Files (x86)\FXCM MetaTrader 4\experts\include\m_common.mqh;61:8;'USDJPY' - variable not defined
2;75;C:\Program Files (x86)\FXCM MetaTrader 4\experts\include\m_common.mqh;62:14;'custom_lots' - variable not defined
2;75;C:\Program Files (x86)\FXCM MetaTrader 4\experts\include\m_common.mqh;62:27;'lots' - variable not defined
2;75;C:\Program Files (x86)\FXCM MetaTrader 4\experts\include\m_common.mqh;62:34;'lots_USDJPY' - variable not defined
2;75;C:\Program Files (x86)\FXCM MetaTrader 4\experts\include\m_common.mqh;63:7;'currency_USDJPY' - variable not defined
2;75;C:\Program Files (x86)\FXCM MetaTrader 4\experts\include\m_common.mqh;66:8;'USDCAD' - variable not defined
2;75;C:\Program Files (x86)\FXCM MetaTrader 4\experts\include\m_common.mqh;67:14;'custom_lots' - variable not defined
2;75;C:\Program Files (x86)\FXCM MetaTrader 4\experts\include\m_common.mqh;67:27;'lots' - variable not defined
2;75;C:\Program Files (x86)\FXCM MetaTrader 4\experts\include\m_common.mqh;67:34;'lots_USDCAD' - variable not defined
2;75;C:\Program Files (x86)\FXCM MetaTrader 4\experts\include\m_common.mqh;68:7;'currency_USDCAD' - variable not defined
2;75;C:\Program Files (x86)\FXCM MetaTrader 4\experts\include\m_common.mqh;71:8;'AUDUSD' - variable not defined
2;75;C:\Program Files (x86)\FXCM MetaTrader 4\experts\include\m_common.mqh;72:14;'custom_lots' - variable not defined
2;75;C:\Program Files (x86)\FXCM MetaTrader 4\experts\include\m_common.mqh;72:27;'lots' - variable not defined
2;75;C:\Program Files (x86)\FXCM MetaTrader 4\experts\include\m_common.mqh;72:34;'lots_AUDUSD' - variable not defined
2;75;C:\Program Files (x86)\FXCM MetaTrader 4\experts\include\m_common.mqh;73:7;'currency_AUDUSD' - variable not defined
2;75;C:\Program Files (x86)\FXCM MetaTrader 4\experts\include\m_common.mqh;76:8;'EURGBP' - variable not defined
2;75;C:\Program Files (x86)\FXCM MetaTrader 4\experts\include\m_common.mqh;77:14;'custom_lots' - variable not defined
2;75;C:\Program Files (x86)\FXCM MetaTrader 4\experts\include\m_common.mqh;77:27;'lots' - variable not defined
2;75;C:\Program Files (x86)\FXCM MetaTrader 4\experts\include\m_common.mqh;77:34;'lots_EURGBP' - variable not defined
2;75;C:\Program Files (x86)\FXCM MetaTrader 4\experts\include\m_common.mqh;78:7;'currency_EURGBP' - variable not defined
2;75;C:\Program Files (x86)\FXCM MetaTrader 4\experts\include\m_common.mqh;81:8;'EURAUD' - variable not defined
2;75;C:\Program Files (x86)\FXCM MetaTrader 4\experts\include\m_common.mqh;82:14;'custom_lots' - variable not defined
2;75;C:\Program Files (x86)\FXCM MetaTrader 4\experts\include\m_common.mqh;82:27;'lots' - variable not defined
2;75;C:\Program Files (x86)\FXCM MetaTrader 4\experts\include\m_common.mqh;82:34;'lots_EURAUD' - variable not defined
2;75;C:\Program Files (x86)\FXCM MetaTrader 4\experts\include\m_common.mqh;83:7;'currency_EURAUD' - variable not defined
2;75;C:\Program Files (x86)\FXCM MetaTrader 4\experts\include\m_common.mqh;86:8;'EURCHF' - variable not defined
2;75;C:\Program Files (x86)\FXCM MetaTrader 4\experts\include\m_common.mqh;87:11;'custom_lots' - variable not defined
2;75;C:\Program Files (x86)\FXCM MetaTrader 4\experts\include\m_common.mqh;87:24;'lots' - variable not defined
2;75;C:\Program Files (x86)\FXCM MetaTrader 4\experts\include\m_common.mqh;87:31;'lots_EURCHF' - variable not defined
2;75;C:\Program Files (x86)\FXCM MetaTrader 4\experts\include\m_common.mqh;88:7;'currency_EURCHF' - variable not defined
2;75;C:\Program Files (x86)\FXCM MetaTrader 4\experts\include\m_common.mqh;91:8;'EURJPY' - variable not defined
2;75;C:\Program Files (x86)\FXCM MetaTrader 4\experts\include\m_common.mqh;92:11;'custom_lots' - variable not defined
2;75;C:\Program Files (x86)\FXCM MetaTrader 4\experts\include\m_common.mqh;92:24;'lots' - variable not defined
2;75;C:\Program Files (x86)\FXCM MetaTrader 4\experts\include\m_common.mqh;92:31;'lots_EURJPY' - variable not defined
2;75;C:\Program Files (x86)\FXCM MetaTrader 4\experts\include\m_common.mqh;93:7;'currency_EURJPY' - variable not defined
2;75;C:\Program Files (x86)\FXCM MetaTrader 4\experts\include\m_common.mqh;96:8;'GBPCHF' - variable not defined
2;75;C:\Program Files (x86)\FXCM MetaTrader 4\experts\include\m_common.mqh;97:11;'custom_lots' - variable not defined
2;75;C:\Program Files (x86)\FXCM MetaTrader 4\experts\include\m_common.mqh;97:24;'lots' - variable not defined
2;75;C:\Program Files (x86)\FXCM MetaTrader 4\experts\include\m_common.mqh;97:31;'lots_GBPCHF' - variable not defined
2;75;C:\Program Files (x86)\FXCM MetaTrader 4\experts\include\m_common.mqh;98:7;'currency_GBPCHF' - variable not defined
2;75;C:\Program Files (x86)\FXCM MetaTrader 4\experts\include\m_common.mqh;101:8;'CADJPY' - variable not defined
2;75;C:\Program Files (x86)\FXCM MetaTrader 4\experts\include\m_common.mqh;102:11;'custom_lots' - variable not defined
2;75;C:\Program Files (x86)\FXCM MetaTrader 4\experts\include\m_common.mqh;102:24;'lots' - variable not defined
2;75;C:\Program Files (x86)\FXCM MetaTrader 4\experts\include\m_common.mqh;102:31;'lots_CADJPY' - variable not defined
2;75;C:\Program Files (x86)\FXCM MetaTrader 4\experts\include\m_common.mqh;103:7;'currency_CADJPY' - variable not defined
2;75;C:\Program Files (x86)\FXCM MetaTrader 4\experts\include\m_common.mqh;106:8;'GBPJPY' - variable not defined
2;75;C:\Program Files (x86)\FXCM MetaTrader 4\experts\include\m_common.mqh;107:11;'custom_lots' - variable not defined
2;75;C:\Program Files (x86)\FXCM MetaTrader 4\experts\include\m_common.mqh;107:24;'lots' - variable not defined
2;75;C:\Program Files (x86)\FXCM MetaTrader 4\experts\include\m_common.mqh;107:31;'lots_GBPJPY' - variable not defined
2;75;C:\Program Files (x86)\FXCM MetaTrader 4\experts\include\m_common.mqh;108:7;'currency_GBPJPY' - variable not defined
2;75;C:\Program Files (x86)\FXCM MetaTrader 4\experts\include\m_common.mqh;111:8;'AUDNZD' - variable not defined
2;75;C:\Program Files (x86)\FXCM MetaTrader 4\experts\include\m_common.mqh;112:11;'custom_lots' - variable not defined
2;75;C:\Program Files (x86)\FXCM MetaTrader 4\experts\include\m_common.mqh;112:24;'lots' - variable not defined
2;75;C:\Program Files (x86)\FXCM MetaTrader 4\experts\include\m_common.mqh;112:31;'lots_AUDNZD' - variable not defined
2;75;C:\Program Files (x86)\FXCM MetaTrader 4\experts\include\m_common.mqh;113:7;'currency_AUDNZD' - variable not defined
2;75;C:\Program Files (x86)\FXCM MetaTrader 4\experts\include\m_common.mqh;116:8;'AUDCAD' - variable not defined
2;75;C:\Program Files (x86)\FXCM MetaTrader 4\experts\include\m_common.mqh;117:11;'custom_lots' - variable not defined
2;75;C:\Program Files (x86)\FXCM MetaTrader 4\experts\include\m_common.mqh;117:24;'lots' - variable not defined
2;75;C:\Program Files (x86)\FXCM MetaTrader 4\experts\include\m_common.mqh;117:31;'lots_AUDCAD' - variable not defined
2;75;C:\Program Files (x86)\FXCM MetaTrader 4\experts\include\m_common.mqh;118:7;'currency_AUDCAD' - variable not defined
2;75;C:\Program Files (x86)\FXCM MetaTrader 4\experts\include\m_common.mqh;121:8;'AUDCHF' - variable not defined
2;75;C:\Program Files (x86)\FXCM MetaTrader 4\experts\include\m_common.mqh;122:11;'custom_lots' - variable not defined
2;75;C:\Program Files (x86)\FXCM MetaTrader 4\experts\include\m_common.mqh;122:24;'lots' - variable not defined
2;75;C:\Program Files (x86)\FXCM MetaTrader 4\experts\include\m_common.mqh;122:31;'lots_AUDCHF' - variable not defined
2;75;C:\Program Files (x86)\FXCM MetaTrader 4\experts\include\m_common.mqh;123:7;'currency_AUDCHF' - variable not defined
2;75;C:\Program Files (x86)\FXCM MetaTrader 4\experts\include\m_common.mqh;126:8;'AUDJPY' - variable not defined
2;75;C:\Program Files (x86)\FXCM MetaTrader 4\experts\include\m_common.mqh;127:11;'custom_lots' - variable not defined
2;75;C:\Program Files (x86)\FXCM MetaTrader 4\experts\include\m_common.mqh;127:24;'lots' - variable not defined
2;75;C:\Program Files (x86)\FXCM MetaTrader 4\experts\include\m_common.mqh;127:31;'lots_AUDJPY' - variable not defined
2;75;C:\Program Files (x86)\FXCM MetaTrader 4\experts\include\m_common.mqh;128:7;'currency_AUDJPY' - variable not defined
2;75;C:\Program Files (x86)\FXCM MetaTrader 4\experts\include\m_common.mqh;131:8;'CHFJPY' - variable not defined
2;75;C:\Program Files (x86)\FXCM MetaTrader 4\experts\include\m_common.mqh;132:11;'custom_lots' - variable not defined
2;75;C:\Program Files (x86)\FXCM MetaTrader 4\experts\include\m_common.mqh;132:24;'lots' - variable not defined
2;75;C:\Program Files (x86)\FXCM MetaTrader 4\experts\include\m_common.mqh;132:31;'lots_CHFJPY' - variable not defined
2;75;C:\Program Files (x86)\FXCM MetaTrader 4\experts\include\m_common.mqh;133:7;'currency_CHFJPY' - variable not defined
2;75;C:\Program Files (x86)\FXCM MetaTrader 4\experts\include\m_common.mqh;136:8;'EURNZD' - variable not defined
2;75;C:\Program Files (x86)\FXCM MetaTrader 4\experts\include\m_common.mqh;137:11;'custom_lots' - variable not defined
2;75;C:\Program Files (x86)\FXCM MetaTrader 4\experts\include\m_common.mqh;137:24;'lots' - variable not defined
2;75;C:\Program Files (x86)\FXCM MetaTrader 4\experts\include\m_common.mqh;137:31;'lots_EURNZD' - variable not defined
2;75;C:\Program Files (x86)\FXCM MetaTrader 4\experts\include\m_common.mqh;138:7;'currency_EURNZD' - variable not defined
2;75;C:\Program Files (x86)\FXCM MetaTrader 4\experts\include\m_common.mqh;141:8;'EURCAD' - variable not defined
2;75;C:\Program Files (x86)\FXCM MetaTrader 4\experts\include\m_common.mqh;142:11;'custom_lots' - variable not defined
2;75;C:\Program Files (x86)\FXCM MetaTrader 4\experts\include\m_common.mqh;142:24;'lots' - variable not defined
2;75;C:\Program Files (x86)\FXCM MetaTrader 4\experts\include\m_common.mqh;142:31;'lots_EURCAD' - variable not defined
2;75;C:\Program Files (x86)\FXCM MetaTrader 4\experts\include\m_common.mqh;143:7;'currency_EURCAD' - variable not defined
2;75;C:\Program Files (x86)\FXCM MetaTrader 4\experts\include\m_common.mqh;146:8;'CADCHF' - variable not defined
2;75;C:\Program Files (x86)\FXCM MetaTrader 4\experts\include\m_common.mqh;147:11;'custom_lots' - variable not defined
2;75;C:\Program Files (x86)\FXCM MetaTrader 4\experts\include\m_common.mqh;147:24;'lots' - variable not defined
2;75;C:\Program Files (x86)\FXCM MetaTrader 4\experts\include\m_common.mqh;147:31;'lots_CADCHF' - variable not defined
2;75;C:\Program Files (x86)\FXCM MetaTrader 4\experts\include\m_common.mqh;148:7;'currency_CADCHF' - variable not defined
2;75;C:\Program Files (x86)\FXCM MetaTrader 4\experts\include\m_common.mqh;151:8;'NZDJPY' - variable not defined
2;75;C:\Program Files (x86)\FXCM MetaTrader 4\experts\include\m_common.mqh;152:11;'custom_lots' - variable not defined
2;75;C:\Program Files (x86)\FXCM MetaTrader 4\experts\include\m_common.mqh;152:24;'lots' - variable not defined
2;75;C:\Program Files (x86)\FXCM MetaTrader 4\experts\include\m_common.mqh;152:31;'lots_NZDJPY' - variable not defined
2;75;C:\Program Files (x86)\FXCM MetaTrader 4\experts\include\m_common.mqh;153:7;'currency_NZDJPY' - variable not defined
2;75;C:\Program Files (x86)\FXCM MetaTrader 4\experts\include\m_common.mqh;156:8;'NZDUSD' - variable not defined
2;75;C:\Program Files (x86)\FXCM MetaTrader 4\experts\include\m_common.mqh;157:11;'custom_lots' - variable not defined
2;75;C:\Program Files (x86)\FXCM MetaTrader 4\experts\include\m_common.mqh;157:24;'lots' - variable not defined
2;75;C:\Program Files (x86)\FXCM MetaTrader 4\experts\include\m_common.mqh;157:31;'lots_NZDUSD' - variable not defined
2;75;C:\Program Files (x86)\FXCM MetaTrader 4\experts\include\m_common.mqh;158:7;'currency_NZDUSD' - variable not defined
2;75;C:\Program Files (x86)\FXCM MetaTrader 4\experts\include\m_common.mqh;161:8;'GBPCAD' - variable not defined
2;75;C:\Program Files (x86)\FXCM MetaTrader 4\experts\include\m_common.mqh;162:11;'custom_lots' - variable not defined
2;75;C:\Program Files (x86)\FXCM MetaTrader 4\experts\include\m_common.mqh;162:24;'lots' - variable not defined
2;75;C:\Program Files (x86)\FXCM MetaTrader 4\experts\include\m_common.mqh;162:31;'lots_GBPCAD' - variable not defined
2;75;C:\Program Files (x86)\FXCM MetaTrader 4\experts\include\m_common.mqh;163:7;'currency_GBPCAD' - variable not defined
2;75;C:\Program Files (x86)\FXCM MetaTrader 4\experts\include\m_common.mqh;166:8;'GBPNZD' - variable not defined
2;75;C:\Program Files (x86)\FXCM MetaTrader 4\experts\include\m_common.mqh;167:11;'custom_lots' - variable not defined
2;75;C:\Program Files (x86)\FXCM MetaTrader 4\experts\include\m_common.mqh;167:24;'lots' - variable not defined
2;75;C:\Program Files (x86)\FXCM MetaTrader 4\experts\include\m_common.mqh;167:31;'lots_GBPNZD' - variable not defined
2;75;C:\Program Files (x86)\FXCM MetaTrader 4\experts\include\m_common.mqh;168:7;'currency_GBPNZD' - variable not defined
2;75;C:\Program Files (x86)\FXCM MetaTrader 4\experts\include\m_common.mqh;171:8;'GBPAUD' - variable not defined
2;75;C:\Program Files (x86)\FXCM MetaTrader 4\experts\include\m_common.mqh;172:11;'custom_lots' - variable not defined
2;75;C:\Program Files (x86)\FXCM MetaTrader 4\experts\include\m_common.mqh;172:24;'lots' - variable not defined
2;75;C:\Program Files (x86)\FXCM MetaTrader 4\experts\include\m_common.mqh;172:31;'lots_GBPAUD' - variable not defined
2;75;C:\Program Files (x86)\FXCM MetaTrader 4\experts\include\m_common.mqh;173:7;'currency_GBPAUD' - variable not defined
2;75;C:\Program Files (x86)\FXCM MetaTrader 4\experts\include\m_common.mqh;176:8;'NZDCHF' - variable not defined
2;75;C:\Program Files (x86)\FXCM MetaTrader 4\experts\include\m_common.mqh;177:11;'custom_lots' - variable not defined
2;75;C:\Program Files (x86)\FXCM MetaTrader 4\experts\include\m_common.mqh;177:24;'lots' - variable not defined
2;75;C:\Program Files (x86)\FXCM MetaTrader 4\experts\include\m_common.mqh;177:31;'lots_NZDCHF' - variable not defined
2;75;C:\Program Files (x86)\FXCM MetaTrader 4\experts\include\m_common.mqh;178:7;'currency_NZDCHF' - variable not defined
2;75;C:\Program Files (x86)\FXCM MetaTrader 4\experts\include\m_common.mqh;180:8;'NZDCAD' - variable not defined
2;75;C:\Program Files (x86)\FXCM MetaTrader 4\experts\include\m_common.mqh;181:11;'custom_lots' - variable not defined
2;75;C:\Program Files (x86)\FXCM MetaTrader 4\experts\include\m_common.mqh;181:24;'lots' - variable not defined
2;75;C:\Program Files (x86)\FXCM MetaTrader 4\experts\include\m_common.mqh;181:31;'lots_NZDCAD' - variable not defined
2;75;C:\Program Files (x86)\FXCM MetaTrader 4\experts\include\m_common.mqh;182:7;'currency_NZDCAD' - variable not defined
2;75;C:\Program Files (x86)\FXCM MetaTrader 4\experts\include\m_common.mqh;189:8;'current_currency_pair' - variable not defined
2;75;C:\Program Files (x86)\FXCM MetaTrader 4\experts\include\m_common.mqh;190:7;'infobox' - variable not defined
2;75;C:\Program Files (x86)\FXCM MetaTrader 4\experts\include\m_common.mqh;193:11;'currency_USDCHF' - variable not defined
2;75;C:\Program Files (x86)\FXCM MetaTrader 4\experts\include\m_common.mqh;194:16;'currency_USDCHF' - variable not defined
2;75;C:\Program Files (x86)\FXCM MetaTrader 4\experts\include\m_common.mqh;196:11;'currency_GBPUSD' - variable not defined
2;75;C:\Program Files (x86)\FXCM MetaTrader 4\experts\include\m_common.mqh;197:16;'currency_GBPUSD' - variable not defined
2;75;C:\Program Files (x86)\FXCM MetaTrader 4\experts\include\m_common.mqh;199:11;'currency_EURUSD' - variable not defined
2;75;C:\Program Files (x86)\FXCM MetaTrader 4\experts\include\m_common.mqh;200:16;'currency_EURUSD' - variable not defined
2;75;C:\Program Files (x86)\FXCM MetaTrader 4\experts\include\m_common.mqh;202:11;'currency_USDJPY' - variable not defined
2;75;C:\Program Files (x86)\FXCM MetaTrader 4\experts\include\m_common.mqh;203:16;'currency_USDJPY' - variable not defined
2;75;C:\Program Files (x86)\FXCM MetaTrader 4\experts\include\m_common.mqh;205:11;'currency_USDCAD' - variable not defined
2;75;C:\Program Files (x86)\FXCM MetaTrader 4\experts\include\m_common.mqh;206:16;'currency_USDCAD' - variable not defined
2;75;C:\Program Files (x86)\FXCM MetaTrader 4\experts\include\m_common.mqh;208:11;'currency_AUDUSD' - variable not defined
2;75;C:\Program Files (x86)\FXCM MetaTrader 4\experts\include\m_common.mqh;209:16;'currency_AUDUSD' - variable not defined
2;75;C:\Program Files (x86)\FXCM MetaTrader 4\experts\include\m_common.mqh;211:11;'currency_EURGBP' - variable not defined
2;75;C:\Program Files (x86)\FXCM MetaTrader 4\experts\include\m_common.mqh;212:16;'currency_EURGBP' - variable not defined
2;75;C:\Program Files (x86)\FXCM MetaTrader 4\experts\include\m_common.mqh;214:11;'currency_EURAUD' - variable not defined
2;75;C:\Program Files (x86)\FXCM MetaTrader 4\experts\include\m_common.mqh;215:16;'currency_EURAUD' - variable not defined
2;75;C:\Program Files (x86)\FXCM MetaTrader 4\experts\include\m_common.mqh;217:11;'currency_EURCHF' - variable not defined
2;75;C:\Program Files (x86)\FXCM MetaTrader 4\experts\include\m_common.mqh;218:16;'currency_EURCHF' - variable not defined
2;75;C:\Program Files (x86)\FXCM MetaTrader 4\experts\include\m_common.mqh;220:11;'currency_EURJPY' - variable not defined
2;75;C:\Program Files (x86)\FXCM MetaTrader 4\experts\include\m_common.mqh;221:16;'currency_EURJPY' - variable not defined
2;75;C:\Program Files (x86)\FXCM MetaTrader 4\experts\include\m_common.mqh;223:11;'currency_GBPCHF' - variable not defined
2;75;C:\Program Files (x86)\FXCM MetaTrader 4\experts\include\m_common.mqh;224:16;'currency_GBPCHF' - variable not defined
2;75;C:\Program Files (x86)\FXCM MetaTrader 4\experts\include\m_common.mqh;226:11;'currency_CADJPY' - variable not defined
2;75;C:\Program Files (x86)\FXCM MetaTrader 4\experts\include\m_common.mqh;227:16;'currency_CADJPY' - variable not defined
2;75;C:\Program Files (x86)\FXCM MetaTrader 4\experts\include\m_common.mqh;229:11;'currency_GBPJPY' - variable not defined
2;75;C:\Program Files (x86)\FXCM MetaTrader 4\experts\include\m_common.mqh;230:16;'currency_GBPJPY' - variable not defined
2;75;C:\Program Files (x86)\FXCM MetaTrader 4\experts\include\m_common.mqh;232:11;'currency_AUDNZD' - variable not defined
2;75;C:\Program Files (x86)\FXCM MetaTrader 4\experts\include\m_common.mqh;233:16;'currency_AUDNZD' - variable not defined
2;75;C:\Program Files (x86)\FXCM MetaTrader 4\experts\include\m_common.mqh;235:11;'currency_AUDCAD' - variable not defined
2;75;C:\Program Files (x86)\FXCM MetaTrader 4\experts\include\m_common.mqh;236:16;'currency_AUDCAD' - variable not defined
2;75;C:\Program Files (x86)\FXCM MetaTrader 4\experts\include\m_common.mqh;238:11;'currency_AUDCHF' - variable not defined
2;75;C:\Program Files (x86)\FXCM MetaTrader 4\experts\include\m_common.mqh;239:16;'currency_AUDCHF' - variable not defined
2;75;C:\Program Files (x86)\FXCM MetaTrader 4\experts\include\m_common.mqh;241:11;'currency_AUDJPY' - variable not defined
2;75;C:\Program Files (x86)\FXCM MetaTrader 4\experts\include\m_common.mqh;242:16;'currency_AUDJPY' - variable not defined
2;75;C:\Program Files (x86)\FXCM MetaTrader 4\experts\include\m_common.mqh;244:11;'currency_CHFJPY' - variable not defined
2;75;C:\Program Files (x86)\FXCM MetaTrader 4\experts\include\m_common.mqh;245:16;'currency_CHFJPY' - variable not defined
2;75;C:\Program Files (x86)\FXCM MetaTrader 4\experts\include\m_common.mqh;247:11;'currency_EURNZD' - variable not defined
2;75;C:\Program Files (x86)\FXCM MetaTrader 4\experts\include\m_common.mqh;248:16;'currency_EURNZD' - variable not defined
2;75;C:\Program Files (x86)\FXCM MetaTrader 4\experts\include\m_common.mqh;250:11;'currency_EURCAD' - variable not defined
2;75;C:\Program Files (x86)\FXCM MetaTrader 4\experts\include\m_common.mqh;251:16;'currency_EURCAD' - variable not defined
2;75;C:\Program Files (x86)\FXCM MetaTrader 4\experts\include\m_common.mqh;253:11;'currency_CADCHF' - variable not defined
2;75;C:\Program Files (x86)\FXCM MetaTrader 4\experts\include\m_common.mqh;254:16;'currency_CADCHF' - variable not defined
2;75;C:\Program Files (x86)\FXCM MetaTrader 4\experts\include\m_common.mqh;256:11;'currency_NZDJPY' - variable not defined
2;75;C:\Program Files (x86)\FXCM MetaTrader 4\experts\include\m_common.mqh;257:16;'currency_NZDJPY' - variable not defined
2;75;C:\Program Files (x86)\FXCM MetaTrader 4\experts\include\m_common.mqh;259:11;'currency_NZDUSD' - variable not defined
2;75;C:\Program Files (x86)\FXCM MetaTrader 4\experts\include\m_common.mqh;260:16;'currency_NZDUSD' - variable not defined
2;75;C:\Program Files (x86)\FXCM MetaTrader 4\experts\include\m_common.mqh;262:11;'currency_GBPCAD' - variable not defined
2;75;C:\Program Files (x86)\FXCM MetaTrader 4\experts\include\m_common.mqh;263:16;'currency_GBPCAD' - variable not defined
2;75;C:\Program Files (x86)\FXCM MetaTrader 4\experts\include\m_common.mqh;265:11;'currency_GBPNZD' - variable not defined
2;75;C:\Program Files (x86)\FXCM MetaTrader 4\experts\include\m_common.mqh;266:16;'currency_GBPNZD' - variable not defined
2;75;C:\Program Files (x86)\FXCM MetaTrader 4\experts\include\m_common.mqh;268:11;'currency_GBPAUD' - variable not defined
2;75;C:\Program Files (x86)\FXCM MetaTrader 4\experts\include\m_common.mqh;269:16;'currency_GBPAUD' - variable not defined
2;75;C:\Program Files (x86)\FXCM MetaTrader 4\experts\include\m_common.mqh;271:11;'currency_NZDCHF' - variable not defined
2;75;C:\Program Files (x86)\FXCM MetaTrader 4\experts\include\m_common.mqh;272:16;'currency_NZDCHF' - variable not defined
2;75;C:\Program Files (x86)\FXCM MetaTrader 4\experts\include\m_common.mqh;274:11;'currency_NZDCAD' - variable not defined
2;75;C:\Program Files (x86)\FXCM MetaTrader 4\experts\include\m_common.mqh;275:16;'currency_NZDCAD' - variable not defined
2;75;C:\Program Files (x86)\FXCM MetaTrader 4\experts\include\m_common.mqh;279:12;'copyrightst' - variable not defined
2;75;C:\Program Files (x86)\FXCM MetaTrader 4\experts\include\m_common.mqh;279:100;'inference' - variable not defined
2;75;C:\Program Files (x86)\FXCM MetaTrader 4\experts\include\m_common.mqh;279:116;'infobox' - variable not defined
2;75;C:\Program Files (x86)\FXCM MetaTrader 4\experts\include\m_common.mqh;302:11;'custom_tp' - variable not defined
2;75;C:\Program Files (x86)\FXCM MetaTrader 4\experts\include\m_common.mqh;303:46;'custom_tp' - variable not defined
2;75;C:\Program Files (x86)\FXCM MetaTrader 4\experts\include\m_common.mqh;309:11;'custom_tp' - variable not defined
2;75;C:\Program Files (x86)\FXCM MetaTrader 4\experts\include\m_common.mqh;310:46;'custom_tp' - variable not defined
2;75;C:\Program Files (x86)\FXCM MetaTrader 4\experts\include\m_common.mqh;362:11;'custom_sl' - variable not defined
2;75;C:\Program Files (x86)\FXCM MetaTrader 4\experts\include\m_common.mqh;363:46;'custom_sl' - variable not defined
2;75;C:\Program Files (x86)\FXCM MetaTrader 4\experts\include\m_common.mqh;369:11;'custom_sl' - variable not defined
2;75;C:\Program Files (x86)\FXCM MetaTrader 4\experts\include\m_common.mqh;370:46;'custom_sl' - variable not defined
2;75;C:\Program Files (x86)\FXCM MetaTrader 4\experts\include\m_common.mqh;395:30;'MAGICMA' - variable not defined
2;75;C:\Program Files (x86)\FXCM MetaTrader 4\experts\include\m_common.mqh;412:55;'MAGICMA' - variable not defined
2;75;C:\Program Files (x86)\FXCM MetaTrader 4\experts\include\m_common.mqh;428:4;'infobox' - variable not defined
2;75;C:\Program Files (x86)\FXCM MetaTrader 4\experts\include\m_common.mqh;428:32;'infobox' - variable not defined
2;75;C:\Program Files (x86)\FXCM MetaTrader 4\experts\include\m_common.mqh;429:4;'trend_all' - variable not defined
2;75;C:\Program Files (x86)\FXCM MetaTrader 4\experts\include\m_common.mqh;429:35;'number' - variable not defined
2;75;C:\Program Files (x86)\FXCM MetaTrader 4\experts\include\m_common.mqh;430:4;'infobox' - variable not defined
2;75;C:\Program Files (x86)\FXCM MetaTrader 4\experts\include\m_common.mqh;430:32;'infobox' - variable not defined
2;75;C:\Program Files (x86)\FXCM MetaTrader 4\experts\include\m_common.mqh;430:74;'trend_all' - variable not defined
2;75;C:\Program Files (x86)\FXCM MetaTrader 4\experts\include\m_common.mqh;431:8;'current_period' - variable not defined
2;75;C:\Program Files (x86)\FXCM MetaTrader 4\experts\include\m_common.mqh;444:11;'time_one_min' - variable not defined
2;75;C:\Program Files (x86)\FXCM MetaTrader 4\experts\include\m_common.mqh;452:11;'time_five_min' - variable not defined
2;75;C:\Program Files (x86)\FXCM MetaTrader 4\experts\include\m_common.mqh;460:11;'time_fifteen_min' - variable not defined
2;75;C:\Program Files (x86)\FXCM MetaTrader 4\experts\include\m_common.mqh;468:11;'time_half_hour' - variable not defined
2;75;C:\Program Files (x86)\FXCM MetaTrader 4\experts\include\m_common.mqh;476:11;'time_one_hour' - variable not defined
2;75;C:\Program Files (x86)\FXCM MetaTrader 4\experts\include\m_common.mqh;484:11;'time_four_hour' - variable not defined
2;75;C:\Program Files (x86)\FXCM MetaTrader 4\experts\include\m_common.mqh;492:11;'time_one_day' - variable not defined
2;75;C:\Program Files (x86)\FXCM MetaTrader 4\experts\include\m_common.mqh;496:11;'time_one_week' - variable not defined
2;75;C:\Program Files (x86)\FXCM MetaTrader 4\experts\include\m_common.mqh;500:11;'time_one_month' - variable not defined
2;75;C:\Program Files (x86)\FXCM MetaTrader 4\experts\include\m_common.mqh;505:4;'inference' - variable not defined
2;75;C:\Program Files (x86)\FXCM MetaTrader 4\experts\include\m_common.mqh;505:34;'inference' - variable not defined
2;75;C:\Program Files (x86)\FXCM MetaTrader 4\experts\include\m_common.mqh;509:7;'infobox' - variable not defined
2;75;C:\Program Files (x86)\FXCM MetaTrader 4\experts\include\m_common.mqh;509:35;'infobox' - variable not defined
2;75;C:\Program Files (x86)\FXCM MetaTrader 4\experts\include\m_common.mqh;522:36;'number' - variable not defined
2;75;C:\Program Files (x86)\FXCM MetaTrader 4\experts\include\m_common.mqh;523:36;'number' - variable not defined
2;75;C:\Program Files (x86)\FXCM MetaTrader 4\experts\include\m_common.mqh;524:36;'number' - variable not defined
2;75;C:\Program Files (x86)\FXCM MetaTrader 4\experts\include\m_common.mqh;525:36;'number' - variable not defined
2;75;C:\Program Files (x86)\FXCM MetaTrader 4\experts\include\m_common.mqh;526:36;'number' - variable not defined
2;75;C:\Program Files (x86)\FXCM MetaTrader 4\experts\include\m_common.mqh;527:36;'number' - variable not defined
2;75;C:\Program Files (x86)\FXCM MetaTrader 4\experts\include\m_common.mqh;537:4;'infobox' - variable not defined
2;75;C:\Program Files (x86)\FXCM MetaTrader 4\experts\include\m_common.mqh;538:4;'inference' - variable not defined
2;75;C:\Program Files (x86)\FXCM MetaTrader 4\experts\include\m_common.mqh;546:4;'infobox' - variable not defined
2;75;C:\Program Files (x86)\FXCM MetaTrader 4\experts\include\m_common.mqh;546:32;'infobox' - variable not defined
2;75;C:\Program Files (x86)\FXCM MetaTrader 4\experts\include\m_common.mqh;551:15;'trend_all' - variable not defined
2;75;C:\Program Files (x86)\FXCM MetaTrader 4\experts\include\m_common.mqh;563:35;'number' - variable not defined
2;75;C:\Program Files (x86)\FXCM MetaTrader 4\experts\include\m_common.mqh;564:4;'infobox' - variable not defined
2;75;C:\Program Files (x86)\FXCM MetaTrader 4\experts\include\m_common.mqh;564:32;'infobox' - variable not defined
2;75;C:\Program Files (x86)\FXCM MetaTrader 4\experts\include\m_common.mqh;570:4;'infobox' - variable not defined
2;75;C:\Program Files (x86)\FXCM MetaTrader 4\experts\include\m_common.mqh;571:12;'copyrightst' - variable not defined
2;75;C:\Program Files (x86)\FXCM MetaTrader 4\experts\include\m_common.mqh;571:25;'infobox' - variable not defined
2;75;C:\Program Files (x86)\FXCM MetaTrader 4\experts\include\m_common.mqh;575:4;'infobox' - variable not defined
2;75;C:\Program Files (x86)\FXCM MetaTrader 4\experts\include\m_common.mqh;576:12;'copyrightst' - variable not defined
2;75;C:\Program Files (x86)\FXCM MetaTrader 4\experts\include\m_common.mqh;576:25;'infobox' - variable not defined
