1;39;;;Function "gbTrueRange" is not referenced and will be removed from exp-file
1;39;;;Function "selectOrderByMagicNumber" is not referenced and will be removed from exp-file
1;39;;;Function "getHighest" is not referenced and will be removed from exp-file
1;39;;;Function "getLowest" is not referenced and will be removed from exp-file
1;39;;;Function "manageOrdersExpiration" is not referenced and will be removed from exp-file
1;39;;;Function "getOpenBarsForOrder" is not referenced and will be removed from exp-file
1;39;;;Function "getPeriodAsStr" is not referenced and will be removed from exp-file
1;39;;;Function "HeikenAshiOpen" is not referenced and will be removed from exp-file
1;39;;;Function "HeikenAshiClose" is not referenced and will be removed from exp-file
1;39;;;Function "HeikenAshiHigh" is not referenced and will be removed from exp-file
1;39;;;Function "HeikenAshiLow" is not referenced and will be removed from exp-file
1;39;;;Function "ruleCloseAboveBB" is not referenced and will be removed from exp-file
1;39;;;Function "ruleCloseBelowBB" is not referenced and will be removed from exp-file
1;39;;;Function "ruleCloseAbovePSAR" is not referenced and will be removed from exp-file
1;39;;;Function "ruleCloseBelowPSAR" is not referenced and will be removed from exp-file
1;39;;;Function "ruleMACD_Above" is not referenced and will be removed from exp-file
1;39;;;Function "ruleMACD_Below" is not referenced and will be removed from exp-file
1;39;;;Function "ruleLongTermRSI_Above" is not referenced and will be removed from exp-file
1;39;;;Function "ruleLongTermRSI_Below" is not referenced and will be removed from exp-file
1;39;;;Function "ruleShortTermRSI_Above" is not referenced and will be removed from exp-file
1;39;;;Function "ruleShortTermRSI_Below" is not referenced and will be removed from exp-file
1;39;;;Function "ruleLongTermStoch_Above" is not referenced and will be removed from exp-file
1;39;;;Function "ruleLongTermStoch_Below" is not referenced and will be removed from exp-file
1;39;;;Function "ruleShortTermStoch_Above" is not referenced and will be removed from exp-file
1;39;;;Function "ruleShortTermStoch_Below" is not referenced and will be removed from exp-file
1;39;;;Function "ruleLongTermCCI_Above" is not referenced and will be removed from exp-file
1;39;;;Function "ruleLongTermCCI_Below" is not referenced and will be removed from exp-file
1;39;;;Function "ruleShortTermCCI_Above" is not referenced and will be removed from exp-file
1;39;;;Function "ruleShortTermCCI_Below" is not referenced and will be removed from exp-file
1;39;;;Function "ruleVolumeAboveAvg" is not referenced and will be removed from exp-file
1;39;;;Function "ruleVolumeBelowAvg" is not referenced and will be removed from exp-file
1;39;;;Function "candlePatternBearishEngulfing" is not referenced and will be removed from exp-file
1;39;;;Function "candlePatternBullishEngulfing" is not referenced and will be removed from exp-file
1;39;;;Function "candlePatternDarkCloudCover" is not referenced and will be removed from exp-file
1;39;;;Function "candlePatternDoji" is not referenced and will be removed from exp-file
1;39;;;Function "candlePatternHammer" is not referenced and will be removed from exp-file
1;39;;;Function "candlePatternPiercingLine" is not referenced and will be removed from exp-file
1;39;;;Function "candlePatternShootingStar" is not referenced and will be removed from exp-file
