2;75;C:\Program Files (x86)\FXCM MetaTrader 4\experts\include\m_orders.mqh;40:9;'createorders' - variable not defined
2;75;C:\Program Files (x86)\FXCM MetaTrader 4\experts\include\m_orders.mqh;50:19;'maxorders' - variable not defined
2;75;C:\Program Files (x86)\FXCM MetaTrader 4\experts\include\m_orders.mqh;62:68;'build' - variable not defined
2;75;C:\Program Files (x86)\FXCM MetaTrader 4\experts\include\m_orders.mqh;63:38;'lots' - variable not defined
2;75;C:\Program Files (x86)\FXCM MetaTrader 4\experts\include\m_orders.mqh;63:87;'MAGICMA' - variable not defined
2;75;C:\Program Files (x86)\FXCM MetaTrader 4\experts\include\m_orders.mqh;71:7;'lots' - variable not defined
2;75;C:\Program Files (x86)\FXCM MetaTrader 4\experts\include\m_orders.mqh;71:14;'lots' - variable not defined
2;75;C:\Program Files (x86)\FXCM MetaTrader 4\experts\include\m_orders.mqh;71:21;'lots_step' - variable not defined
2;75;C:\Program Files (x86)\FXCM MetaTrader 4\experts\include\m_orders.mqh;72:11;'lots' - variable not defined
2;75;C:\Program Files (x86)\FXCM MetaTrader 4\experts\include\m_orders.mqh;72:18;'lots_max' - variable not defined
2;75;C:\Program Files (x86)\FXCM MetaTrader 4\experts\include\m_orders.mqh;73:10;'lots' - variable not defined
2;75;C:\Program Files (x86)\FXCM MetaTrader 4\experts\include\m_orders.mqh;73:17;'lots_max' - variable not defined
2;75;C:\Program Files (x86)\FXCM MetaTrader 4\experts\include\m_orders.mqh;77:68;'build' - variable not defined
2;75;C:\Program Files (x86)\FXCM MetaTrader 4\experts\include\m_orders.mqh;78:39;'lots' - variable not defined
2;75;C:\Program Files (x86)\FXCM MetaTrader 4\experts\include\m_orders.mqh;78:88;'MAGICMA' - variable not defined
2;75;C:\Program Files (x86)\FXCM MetaTrader 4\experts\include\m_orders.mqh;86:7;'lots' - variable not defined
2;75;C:\Program Files (x86)\FXCM MetaTrader 4\experts\include\m_orders.mqh;86:14;'lots' - variable not defined
2;75;C:\Program Files (x86)\FXCM MetaTrader 4\experts\include\m_orders.mqh;86:21;'lots_step' - variable not defined
2;75;C:\Program Files (x86)\FXCM MetaTrader 4\experts\include\m_orders.mqh;87:11;'lots' - variable not defined
2;75;C:\Program Files (x86)\FXCM MetaTrader 4\experts\include\m_orders.mqh;87:18;'lots_max' - variable not defined
2;75;C:\Program Files (x86)\FXCM MetaTrader 4\experts\include\m_orders.mqh;88:10;'lots' - variable not defined
2;75;C:\Program Files (x86)\FXCM MetaTrader 4\experts\include\m_orders.mqh;88:17;'lots_max' - variable not defined
