2;75;C:\Program Files (x86)\FXCM MetaTrader 4\experts\include\m_strategy_ema.mqh;61:36;'number' - variable not defined
2;75;C:\Program Files (x86)\FXCM MetaTrader 4\experts\include\m_strategy_ema.mqh;62:36;'number' - variable not defined
2;75;C:\Program Files (x86)\FXCM MetaTrader 4\experts\include\m_strategy_ema.mqh;63:36;'number' - variable not defined
2;75;C:\Program Files (x86)\FXCM MetaTrader 4\experts\include\m_strategy_ema.mqh;64:36;'number' - variable not defined
2;75;C:\Program Files (x86)\FXCM MetaTrader 4\experts\include\m_strategy_ema.mqh;65:36;'number' - variable not defined
2;75;C:\Program Files (x86)\FXCM MetaTrader 4\experts\include\m_strategy_ema.mqh;106:14;'number' - variable not defined
2;75;C:\Program Files (x86)\FXCM MetaTrader 4\experts\include\m_strategy_ema.mqh;107:19;'number' - variable not defined
2;75;C:\Program Files (x86)\FXCM MetaTrader 4\experts\include\m_strategy_ema.mqh;119:11;'current_1' - variable not defined
2;75;C:\Program Files (x86)\FXCM MetaTrader 4\experts\include\m_strategy_ema.mqh;119:23;'past_1' - variable not defined
2;75;C:\Program Files (x86)\FXCM MetaTrader 4\experts\include\m_strategy_ema.mqh;119:34;'current_1' - variable not defined
2;75;C:\Program Files (x86)\FXCM MetaTrader 4\experts\include\m_strategy_ema.mqh;119:46;'current_25' - variable not defined
2;75;C:\Program Files (x86)\FXCM MetaTrader 4\experts\include\m_strategy_ema.mqh;119:60;'current_1' - variable not defined
2;75;C:\Program Files (x86)\FXCM MetaTrader 4\experts\include\m_strategy_ema.mqh;119:72;'current_50' - variable not defined
2;75;C:\Program Files (x86)\FXCM MetaTrader 4\experts\include\m_strategy_ema.mqh;119:86;'current_1' - variable not defined
2;75;C:\Program Files (x86)\FXCM MetaTrader 4\experts\include\m_strategy_ema.mqh;119:98;'current_100' - variable not defined
2;75;C:\Program Files (x86)\FXCM MetaTrader 4\experts\include\m_strategy_ema.mqh;120:14;'past_1' - variable not defined
2;75;C:\Program Files (x86)\FXCM MetaTrader 4\experts\include\m_strategy_ema.mqh;120:23;'past_25' - variable not defined
2;75;C:\Program Files (x86)\FXCM MetaTrader 4\experts\include\m_strategy_ema.mqh;120:34;'past_1' - variable not defined
2;75;C:\Program Files (x86)\FXCM MetaTrader 4\experts\include\m_strategy_ema.mqh;120:43;'past_50' - variable not defined
2;75;C:\Program Files (x86)\FXCM MetaTrader 4\experts\include\m_strategy_ema.mqh;120:54;'past_1' - variable not defined
2;75;C:\Program Files (x86)\FXCM MetaTrader 4\experts\include\m_strategy_ema.mqh;120:63;'past_100' - variable not defined
2;75;C:\Program Files (x86)\FXCM MetaTrader 4\experts\include\m_strategy_ema.mqh;121:10;'inference' - variable not defined
2;75;C:\Program Files (x86)\FXCM MetaTrader 4\experts\include\m_strategy_ema.mqh;121:40;'inference' - variable not defined
2;75;C:\Program Files (x86)\FXCM MetaTrader 4\experts\include\m_strategy_ema.mqh;122:14;'show_alerts' - variable not defined
2;75;C:\Program Files (x86)\FXCM MetaTrader 4\experts\include\m_strategy_ema.mqh;123:10;'infobox' - variable not defined
2;75;C:\Program Files (x86)\FXCM MetaTrader 4\experts\include\m_strategy_ema.mqh;123:38;'infobox' - variable not defined
2;75;C:\Program Files (x86)\FXCM MetaTrader 4\experts\include\m_strategy_ema.mqh;131:11;'current_1' - variable not defined
2;75;C:\Program Files (x86)\FXCM MetaTrader 4\experts\include\m_strategy_ema.mqh;131:23;'past_1' - variable not defined
2;75;C:\Program Files (x86)\FXCM MetaTrader 4\experts\include\m_strategy_ema.mqh;131:34;'current_1' - variable not defined
2;75;C:\Program Files (x86)\FXCM MetaTrader 4\experts\include\m_strategy_ema.mqh;131:46;'current_25' - variable not defined
2;75;C:\Program Files (x86)\FXCM MetaTrader 4\experts\include\m_strategy_ema.mqh;131:60;'current_1' - variable not defined
2;75;C:\Program Files (x86)\FXCM MetaTrader 4\experts\include\m_strategy_ema.mqh;131:72;'current_50' - variable not defined
2;75;C:\Program Files (x86)\FXCM MetaTrader 4\experts\include\m_strategy_ema.mqh;131:86;'current_1' - variable not defined
2;75;C:\Program Files (x86)\FXCM MetaTrader 4\experts\include\m_strategy_ema.mqh;131:98;'current_100' - variable not defined
2;75;C:\Program Files (x86)\FXCM MetaTrader 4\experts\include\m_strategy_ema.mqh;132:14;'past_1' - variable not defined
2;75;C:\Program Files (x86)\FXCM MetaTrader 4\experts\include\m_strategy_ema.mqh;132:23;'past_25' - variable not defined
2;75;C:\Program Files (x86)\FXCM MetaTrader 4\experts\include\m_strategy_ema.mqh;132:34;'past_1' - variable not defined
2;75;C:\Program Files (x86)\FXCM MetaTrader 4\experts\include\m_strategy_ema.mqh;132:43;'past_50' - variable not defined
2;75;C:\Program Files (x86)\FXCM MetaTrader 4\experts\include\m_strategy_ema.mqh;132:54;'past_1' - variable not defined
2;75;C:\Program Files (x86)\FXCM MetaTrader 4\experts\include\m_strategy_ema.mqh;132:63;'past_100' - variable not defined
2;75;C:\Program Files (x86)\FXCM MetaTrader 4\experts\include\m_strategy_ema.mqh;133:10;'infobox' - variable not defined
2;75;C:\Program Files (x86)\FXCM MetaTrader 4\experts\include\m_strategy_ema.mqh;133:38;'infobox' - variable not defined
2;75;C:\Program Files (x86)\FXCM MetaTrader 4\experts\include\m_strategy_ema.mqh;134:10;'inference' - variable not defined
2;75;C:\Program Files (x86)\FXCM MetaTrader 4\experts\include\m_strategy_ema.mqh;134:40;'inference' - variable not defined
2;75;C:\Program Files (x86)\FXCM MetaTrader 4\experts\include\m_strategy_ema.mqh;135:14;'show_alerts' - variable not defined
2;75;C:\Program Files (x86)\FXCM MetaTrader 4\experts\include\m_strategy_ema.mqh;154:14;'number' - variable not defined
2;75;C:\Program Files (x86)\FXCM MetaTrader 4\experts\include\m_strategy_ema.mqh;155:19;'number' - variable not defined
2;75;C:\Program Files (x86)\FXCM MetaTrader 4\experts\include\m_strategy_ema.mqh;164:11;'current_1' - variable not defined
2;75;C:\Program Files (x86)\FXCM MetaTrader 4\experts\include\m_strategy_ema.mqh;164:23;'current_25' - variable not defined
2;75;C:\Program Files (x86)\FXCM MetaTrader 4\experts\include\m_strategy_ema.mqh;164:37;'current_1' - variable not defined
2;75;C:\Program Files (x86)\FXCM MetaTrader 4\experts\include\m_strategy_ema.mqh;164:49;'current_50' - variable not defined
2;75;C:\Program Files (x86)\FXCM MetaTrader 4\experts\include\m_strategy_ema.mqh;164:63;'current_1' - variable not defined
2;75;C:\Program Files (x86)\FXCM MetaTrader 4\experts\include\m_strategy_ema.mqh;164:75;'current_100' - variable not defined
2;75;C:\Program Files (x86)\FXCM MetaTrader 4\experts\include\m_strategy_ema.mqh;169:11;'current_1' - variable not defined
2;75;C:\Program Files (x86)\FXCM MetaTrader 4\experts\include\m_strategy_ema.mqh;169:23;'current_25' - variable not defined
2;75;C:\Program Files (x86)\FXCM MetaTrader 4\experts\include\m_strategy_ema.mqh;169:37;'current_1' - variable not defined
2;75;C:\Program Files (x86)\FXCM MetaTrader 4\experts\include\m_strategy_ema.mqh;169:49;'current_50' - variable not defined
2;75;C:\Program Files (x86)\FXCM MetaTrader 4\experts\include\m_strategy_ema.mqh;169:63;'current_1' - variable not defined
2;75;C:\Program Files (x86)\FXCM MetaTrader 4\experts\include\m_strategy_ema.mqh;169:75;'current_100' - variable not defined
2;75;C:\Program Files (x86)\FXCM MetaTrader 4\experts\include\m_strategy_ema.mqh;180:4;'current_1' - variable not defined
2;75;C:\Program Files (x86)\FXCM MetaTrader 4\experts\include\m_strategy_ema.mqh;181:4;'current_25' - variable not defined
2;75;C:\Program Files (x86)\FXCM MetaTrader 4\experts\include\m_strategy_ema.mqh;182:4;'current_50' - variable not defined
2;75;C:\Program Files (x86)\FXCM MetaTrader 4\experts\include\m_strategy_ema.mqh;183:4;'current_100' - variable not defined
2;75;C:\Program Files (x86)\FXCM MetaTrader 4\experts\include\m_strategy_ema.mqh;189:4;'past_1' - variable not defined
2;75;C:\Program Files (x86)\FXCM MetaTrader 4\experts\include\m_strategy_ema.mqh;190:4;'past_25' - variable not defined
2;75;C:\Program Files (x86)\FXCM MetaTrader 4\experts\include\m_strategy_ema.mqh;191:4;'past_50' - variable not defined
2;75;C:\Program Files (x86)\FXCM MetaTrader 4\experts\include\m_strategy_ema.mqh;192:4;'past_100' - variable not defined
